TN:
SF:src/client/AppController.js
FN:19,useAppController
FN:44,(anonymous_1)
FN:62,(anonymous_2)
FN:83,(anonymous_3)
FN:85,(anonymous_4)
FN:89,(anonymous_5)
FN:97,(anonymous_6)
FN:98,(anonymous_7)
FN:98,(anonymous_8)
FN:101,(anonymous_9)
FN:109,(anonymous_10)
FN:110,(anonymous_11)
FN:113,(anonymous_12)
FN:118,(anonymous_13)
FN:130,(anonymous_14)
FN:140,(anonymous_15)
FN:166,(anonymous_16)
FN:176,(anonymous_17)
FN:203,(anonymous_18)
FN:211,(anonymous_19)
FN:215,(anonymous_20)
FN:217,(anonymous_21)
FN:225,(anonymous_22)
FN:233,(anonymous_23)
FN:237,(anonymous_24)
FN:255,(anonymous_25)
FN:263,(anonymous_26)
FN:264,(anonymous_27)
FN:264,(anonymous_28)
FN:269,(anonymous_29)
FN:274,(anonymous_30)
FN:313,(anonymous_31)
FNF:32
FNH:0
FNDA:0,useAppController
FNDA:0,(anonymous_1)
FNDA:0,(anonymous_2)
FNDA:0,(anonymous_3)
FNDA:0,(anonymous_4)
FNDA:0,(anonymous_5)
FNDA:0,(anonymous_6)
FNDA:0,(anonymous_7)
FNDA:0,(anonymous_8)
FNDA:0,(anonymous_9)
FNDA:0,(anonymous_10)
FNDA:0,(anonymous_11)
FNDA:0,(anonymous_12)
FNDA:0,(anonymous_13)
FNDA:0,(anonymous_14)
FNDA:0,(anonymous_15)
FNDA:0,(anonymous_16)
FNDA:0,(anonymous_17)
FNDA:0,(anonymous_18)
FNDA:0,(anonymous_19)
FNDA:0,(anonymous_20)
FNDA:0,(anonymous_21)
FNDA:0,(anonymous_22)
FNDA:0,(anonymous_23)
FNDA:0,(anonymous_24)
FNDA:0,(anonymous_25)
FNDA:0,(anonymous_26)
FNDA:0,(anonymous_27)
FNDA:0,(anonymous_28)
FNDA:0,(anonymous_29)
FNDA:0,(anonymous_30)
FNDA:0,(anonymous_31)
DA:21,0
DA:22,0
DA:23,0
DA:26,0
DA:27,0
DA:30,0
DA:31,0
DA:32,0
DA:35,0
DA:38,0
DA:44,0
DA:45,0
DA:47,0
DA:48,0
DA:49,0
DA:51,0
DA:52,0
DA:53,0
DA:55,0
DA:57,0
DA:58,0
DA:62,0
DA:63,0
DA:65,0
DA:66,0
DA:67,0
DA:69,0
DA:70,0
DA:72,0
DA:74,0
DA:75,0
DA:83,0
DA:85,0
DA:86,0
DA:89,0
DA:90,0
DA:97,0
DA:98,0
DA:101,0
DA:102,0
DA:109,0
DA:110,0
DA:113,0
DA:114,0
DA:115,0
DA:118,0
DA:119,0
DA:120,0
DA:130,0
DA:131,0
DA:133,0
DA:134,0
DA:137,0
DA:138,0
DA:140,0
DA:143,0
DA:145,0
DA:146,0
DA:149,0
DA:155,0
DA:158,0
DA:159,0
DA:166,0
DA:167,0
DA:168,0
DA:170,0
DA:171,0
DA:173,0
DA:174,0
DA:176,0
DA:179,0
DA:180,0
DA:181,0
DA:182,0
DA:188,0
DA:195,0
DA:196,0
DA:203,0
DA:205,0
DA:211,0
DA:212,0
DA:215,0
DA:216,0
DA:217,0
DA:225,0
DA:226,0
DA:227,0
DA:230,0
DA:231,0
DA:232,0
DA:233,0
DA:234,0
DA:237,0
DA:238,0
DA:239,0
DA:247,0
DA:248,0
DA:255,0
DA:263,0
DA:264,0
DA:265,0
DA:269,0
DA:270,0
DA:274,0
DA:275,0
DA:276,0
DA:277,0
DA:283,0
DA:313,0
LF:109
LH:0
BRDA:45,0,0,0
BRDA:45,0,1,0
BRDA:63,1,0,0
BRDA:63,1,1,0
BRDA:85,2,0,0
BRDA:85,2,1,0
BRDA:137,3,0,0
BRDA:137,3,1,0
BRDA:167,4,0,0
BRDA:167,4,1,0
BRDA:167,4,2,0
BRDA:173,5,0,0
BRDA:173,5,1,0
BRDA:180,6,0,0
BRDA:180,6,1,0
BRDA:212,7,0,0
BRDA:212,7,1,0
BRDA:212,7,2,0
BRDA:216,8,0,0
BRDA:216,8,1,0
BRDA:218,9,0,0
BRDA:218,9,1,0
BRDA:219,10,0,0
BRDA:219,10,1,0
BRDA:226,11,0,0
BRDA:226,11,1,0
BRDA:240,12,0,0
BRDA:240,12,1,0
BRDA:240,12,2,0
BRDA:240,12,3,0
BRDA:241,13,0,0
BRDA:241,13,1,0
BRDA:265,14,0,0
BRDA:265,14,1,0
BRDA:270,15,0,0
BRDA:270,15,1,0
BRDA:270,15,2,0
BRDA:270,15,3,0
BRDA:270,15,4,0
BRDA:271,16,0,0
BRDA:271,16,1,0
BRDA:275,17,0,0
BRDA:275,17,1,0
BRF:43
BRH:0
end_of_record
TN:
SF:src/client/build-frontend.js
FN:7,build
FN:55,(anonymous_1)
FN:104,(anonymous_2)
FNF:3
FNH:0
FNDA:0,build
FNDA:0,(anonymous_1)
FNDA:0,(anonymous_2)
DA:3,0
DA:4,0
DA:5,0
DA:9,0
DA:10,0
DA:11,0
DA:13,0
DA:14,0
DA:15,0
DA:16,0
DA:18,0
DA:19,0
DA:52,0
DA:55,0
DA:56,0
DA:59,0
DA:61,0
DA:92,0
DA:93,0
DA:97,0
DA:98,0
DA:99,0
DA:104,0
DA:105,0
DA:106,0
LF:25
LH:0
BRDA:15,0,0,0
BRDA:15,0,1,0
BRDA:16,1,0,0
BRDA:16,1,1,0
BRDA:18,2,0,0
BRDA:18,2,1,0
BRDA:33,3,0,0
BRDA:33,3,1,0
BRDA:56,4,0,0
BRDA:56,4,1,0
BRDA:59,5,0,0
BRDA:59,5,1,0
BRDA:72,6,0,0
BRDA:72,6,1,0
BRDA:79,7,0,0
BRDA:79,7,1,0
BRDA:92,8,0,0
BRDA:92,8,1,0
BRF:18
BRH:0
end_of_record
TN:
SF:src/client/constants.js
FNF:0
FNH:0
DA:5,0
DA:32,0
DA:33,0
DA:34,0
DA:36,0
LF:5
LH:0
BRF:0
BRH:0
end_of_record
TN:
SF:src/client/index.jsx
FN:4,(anonymous_0)
FN:6,(anonymous_1)
FN:18,(anonymous_2)
FN:18,(anonymous_3)
FN:24,(anonymous_4)
FN:28,(anonymous_5)
FN:55,(anonymous_6)
FN:56,(anonymous_7)
FN:57,(anonymous_8)
FN:60,(anonymous_9)
FN:69,(anonymous_10)
FNF:11
FNH:0
FNDA:0,(anonymous_0)
FNDA:0,(anonymous_1)
FNDA:0,(anonymous_2)
FNDA:0,(anonymous_3)
FNDA:0,(anonymous_4)
FNDA:0,(anonymous_5)
FNDA:0,(anonymous_6)
FNDA:0,(anonymous_7)
FNDA:0,(anonymous_8)
FNDA:0,(anonymous_9)
FNDA:0,(anonymous_10)
DA:3,0
DA:4,0
DA:5,0
DA:6,0
DA:8,0
DA:9,0
DA:10,0
DA:11,0
DA:12,0
DA:15,0
DA:18,0
DA:19,0
DA:20,0
DA:21,0
DA:24,0
DA:25,0
DA:26,0
DA:28,0
DA:29,0
DA:30,0
DA:32,0
DA:34,0
DA:35,0
DA:51,0
DA:52,0
DA:53,0
DA:55,0
DA:56,0
DA:57,0
DA:60,0
DA:62,0
DA:65,0
DA:67,0
DA:69,0
DA:71,0
DA:75,0
DA:77,0
DA:85,0
DA:86,0
LF:39
LH:0
BRDA:3,0,0,0
BRDA:3,0,1,0
BRDA:5,1,0,0
BRDA:5,1,1,0
BRDA:5,2,0,0
BRDA:5,2,1,0
BRDA:10,3,0,0
BRDA:10,3,1,0
BRDA:11,4,0,0
BRDA:11,4,1,0
BRDA:19,5,0,0
BRDA:19,5,1,0
BRDA:20,6,0,0
BRDA:20,6,1,0
BRDA:29,7,0,0
BRDA:29,7,1,0
BRDA:29,8,0,0
BRDA:29,8,1,0
BRDA:32,9,0,0
BRDA:32,9,1,0
BRDA:45,10,0,0
BRDA:45,10,1,0
BRDA:45,11,0,0
BRDA:45,11,1,0
BRDA:45,11,2,0
BRDA:62,12,0,0
BRDA:62,12,1,0
BRDA:62,13,0,0
BRDA:62,13,1,0
BRDA:62,13,2,0
BRDA:62,13,3,0
BRDA:67,14,0,0
BRDA:67,14,1,0
BRDA:71,15,0,0
BRDA:71,15,1,0
BRDA:71,16,0,0
BRDA:71,16,1,0
BRDA:71,16,2,0
BRDA:71,16,3,0
BRDA:71,16,4,0
BRDA:77,17,0,0
BRDA:77,17,1,0
BRF:42
BRH:0
end_of_record
TN:
SF:src/client/keyboard-shortcuts.js
FN:31,createKeyboardHandler
FN:34,(anonymous_1)
FN:100,validateAllShortcutsConfigured
FNF:3
FNH:0
FNDA:0,createKeyboardHandler
FNDA:0,(anonymous_1)
FNDA:0,validateAllShortcutsConfigured
DA:3,0
DA:32,0
DA:34,0
DA:35,0
DA:43,0
DA:44,0
DA:45,0
DA:48,0
DA:49,0
DA:50,0
DA:51,0
DA:54,0
DA:55,0
DA:58,0
DA:59,0
DA:62,0
DA:66,0
DA:68,0
DA:69,0
DA:70,0
DA:71,0
DA:73,0
DA:74,0
DA:75,0
DA:76,0
DA:78,0
DA:79,0
DA:80,0
DA:81,0
DA:83,0
DA:86,0
DA:87,0
DA:88,0
DA:89,0
DA:91,0
DA:94,0
DA:101,0
DA:103,0
DA:104,0
DA:105,0
DA:106,0
DA:107,0
DA:110,0
DA:111,0
DA:112,0
DA:113,0
DA:114,0
DA:117,0
LF:48
LH:0
BRDA:31,0,0,0
BRDA:32,1,0,0
BRDA:32,1,1,0
BRDA:32,1,2,0
BRDA:43,2,0,0
BRDA:43,2,1,0
BRDA:44,3,0,0
BRDA:44,3,1,0
BRDA:49,4,0,0
BRDA:49,4,1,0
BRDA:49,4,2,0
BRDA:50,5,0,0
BRDA:50,5,1,0
BRDA:58,6,0,0
BRDA:58,6,1,0
BRDA:59,7,0,0
BRDA:59,7,1,0
BRDA:59,8,0,0
BRDA:59,8,1,0
BRDA:62,9,0,0
BRDA:62,9,1,0
BRDA:62,9,2,0
BRDA:66,10,0,0
BRDA:66,10,1,0
BRDA:68,11,0,0
BRDA:68,11,1,0
BRDA:74,12,0,0
BRDA:74,12,1,0
BRDA:79,13,0,0
BRDA:79,13,1,0
BRDA:87,14,0,0
BRDA:87,14,1,0
BRDA:105,15,0,0
BRDA:105,15,1,0
BRDA:111,16,0,0
BRDA:111,16,1,0
BRDA:111,16,2,0
BRDA:112,17,0,0
BRDA:112,17,1,0
BRF:39
BRH:0
end_of_record
TN:
SF:src/client/logger.js
FN:32,(anonymous_0)
FN:33,(anonymous_1)
FN:67,(anonymous_2)
FN:71,(anonymous_3)
FN:75,(anonymous_4)
FN:83,(anonymous_5)
FN:84,(anonymous_6)
FN:85,(anonymous_7)
FN:86,(anonymous_8)
FN:87,(anonymous_9)
FN:88,(anonymous_10)
FNF:11
FNH:0
FNDA:0,(anonymous_0)
FNDA:0,(anonymous_1)
FNDA:0,(anonymous_2)
FNDA:0,(anonymous_3)
FNDA:0,(anonymous_4)
FNDA:0,(anonymous_5)
FNDA:0,(anonymous_6)
FNDA:0,(anonymous_7)
FNDA:0,(anonymous_8)
FNDA:0,(anonymous_9)
FNDA:0,(anonymous_10)
DA:19,0
DA:20,0
DA:21,0
DA:25,0
DA:29,0
DA:30,0
DA:32,0
DA:33,0
DA:35,0
DA:36,0
DA:40,0
DA:41,0
DA:42,0
DA:44,0
DA:45,0
DA:48,0
DA:51,0
DA:52,0
DA:54,0
DA:59,0
DA:68,0
DA:72,0
DA:76,0
DA:81,0
DA:82,0
DA:83,0
DA:84,0
DA:85,0
DA:86,0
DA:87,0
DA:88,0
LF:31
LH:0
BRDA:20,0,0,0
BRDA:20,0,1,0
BRDA:20,0,2,0
BRDA:20,0,3,0
BRDA:21,1,0,0
BRDA:21,1,1,0
BRDA:21,1,2,0
BRDA:25,2,0,0
BRDA:25,2,1,0
BRDA:35,3,0,0
BRDA:35,3,1,0
BRDA:35,4,0,0
BRDA:35,4,1,0
BRDA:35,4,2,0
BRDA:40,5,0,0
BRDA:40,5,1,0
BRDA:40,6,0,0
BRDA:40,6,1,0
BRDA:41,7,0,0
BRDA:41,7,1,0
BRDA:42,8,0,0
BRDA:42,8,1,0
BRDA:44,9,0,0
BRDA:44,9,1,0
BRDA:51,10,0,0
BRDA:51,10,1,0
BRDA:68,11,0,0
BRDA:68,11,1,0
BRDA:72,12,0,0
BRDA:72,12,1,0
BRDA:81,13,0,0
BRDA:81,13,1,0
BRF:32
BRH:0
end_of_record
TN:
SF:src/client/ui-context-automation.js
FN:7,(anonymous_0)
FN:12,(anonymous_1)
FN:19,(anonymous_2)
FN:20,(anonymous_3)
FN:32,(anonymous_4)
FN:44,(anonymous_5)
FN:46,(anonymous_6)
FN:48,(anonymous_7)
FN:52,(anonymous_8)
FN:86,(anonymous_9)
FN:94,(anonymous_10)
FN:102,(anonymous_11)
FNF:12
FNH:0
FNDA:0,(anonymous_0)
FNDA:0,(anonymous_1)
FNDA:0,(anonymous_2)
FNDA:0,(anonymous_3)
FNDA:0,(anonymous_4)
FNDA:0,(anonymous_5)
FNDA:0,(anonymous_6)
FNDA:0,(anonymous_7)
FNDA:0,(anonymous_8)
FNDA:0,(anonymous_9)
FNDA:0,(anonymous_10)
FNDA:0,(anonymous_11)
DA:8,0
DA:9,0
DA:13,0
DA:14,0
DA:15,0
DA:16,0
DA:20,0
DA:21,0
DA:22,0
DA:24,0
DA:25,0
DA:26,0
DA:28,0
DA:33,0
DA:39,0
DA:40,0
DA:46,0
DA:47,0
DA:48,0
DA:53,0
DA:55,0
DA:56,0
DA:57,0
DA:58,0
DA:60,0
DA:61,0
DA:64,0
DA:65,0
DA:68,0
DA:69,0
DA:72,0
DA:73,0
DA:76,0
DA:79,0
DA:80,0
DA:81,0
DA:84,0
DA:85,0
DA:86,0
DA:87,0
DA:89,0
DA:92,0
DA:93,0
DA:94,0
DA:95,0
DA:97,0
DA:100,0
DA:101,0
DA:102,0
DA:103,0
DA:105,0
DA:108,0
DA:113,0
DA:114,0
DA:118,0
DA:119,0
LF:56
LH:0
BRDA:14,0,0,0
BRDA:14,0,1,0
BRDA:15,1,0,0
BRDA:15,1,1,0
BRDA:21,2,0,0
BRDA:21,2,1,0
BRDA:21,3,0,0
BRDA:21,3,1,0
BRDA:24,4,0,0
BRDA:24,4,1,0
BRDA:39,5,0,0
BRDA:39,5,1,0
BRDA:55,6,0,0
BRDA:55,6,1,0
BRDA:60,7,0,0
BRDA:60,7,1,0
BRDA:64,8,0,0
BRDA:64,8,1,0
BRDA:65,9,0,0
BRDA:65,9,1,0
BRDA:68,10,0,0
BRDA:68,10,1,0
BRDA:72,11,0,0
BRDA:72,11,1,0
BRDA:72,12,0,0
BRDA:72,12,1,0
BRDA:79,13,0,0
BRDA:79,13,1,0
BRDA:84,14,0,0
BRDA:84,14,1,0
BRDA:84,15,0,0
BRDA:84,15,1,0
BRDA:92,16,0,0
BRDA:92,16,1,0
BRDA:92,17,0,0
BRDA:92,17,1,0
BRDA:100,18,0,0
BRDA:100,18,1,0
BRDA:100,19,0,0
BRDA:100,19,1,0
BRDA:113,20,0,0
BRDA:113,20,1,0
BRDA:118,21,0,0
BRDA:118,21,1,0
BRDA:118,22,0,0
BRDA:118,22,1,0
BRF:46
BRH:0
end_of_record
TN:
SF:src/client/version-config.js
FN:12,(anonymous_0)
FN:13,(anonymous_1)
FN:15,(anonymous_2)
FNF:3
FNH:0
FNDA:0,(anonymous_0)
FNDA:0,(anonymous_1)
FNDA:0,(anonymous_2)
DA:4,0
DA:12,0
DA:13,0
DA:14,0
DA:15,0
DA:18,0
DA:19,0
DA:20,0
DA:21,0
DA:22,0
LF:10
LH:0
BRF:0
BRH:0
end_of_record
TN:
SF:src/client/components/App.jsx
FN:9,(anonymous_0)
FN:12,(anonymous_1)
FN:38,(anonymous_2)
FN:45,(anonymous_3)
FN:51,(anonymous_4)
FN:57,(anonymous_5)
FN:69,(anonymous_6)
FN:89,(anonymous_7)
FN:118,(anonymous_8)
FN:121,(anonymous_9)
FN:131,(anonymous_10)
FN:142,(anonymous_11)
FN:154,(anonymous_12)
FN:167,(anonymous_13)
FN:178,(anonymous_14)
FN:180,(anonymous_15)
FN:182,(anonymous_16)
FN:188,(anonymous_17)
FN:203,(anonymous_18)
FN:212,(anonymous_19)
FN:289,(anonymous_20)
FN:328,(anonymous_21)
FN:330,(anonymous_22)
FN:380,(anonymous_23)
FN:387,(anonymous_24)
FN:402,(anonymous_25)
FN:407,(anonymous_26)
FN:436,(anonymous_27)
FN:440,(anonymous_28)
FN:445,(anonymous_29)
FN:446,(anonymous_30)
FN:461,(anonymous_31)
FN:466,(anonymous_32)
FN:471,(anonymous_33)
FN:496,(anonymous_34)
FN:520,(anonymous_35)
FN:536,(anonymous_36)
FN:544,(anonymous_37)
FN:550,(anonymous_38)
FN:559,(anonymous_39)
FN:587,(anonymous_40)
FN:592,(anonymous_41)
FN:597,(anonymous_42)
FN:612,(anonymous_43)
FN:674,(anonymous_44)
FN:698,(anonymous_45)
FN:704,(anonymous_46)
FN:706,(anonymous_47)
FN:710,(anonymous_48)
FN:746,(anonymous_49)
FN:746,(anonymous_50)
FN:839,(anonymous_51)
FN:873,(anonymous_52)
FN:908,(anonymous_53)
FN:915,App
FN:942,(anonymous_55)
FN:953,(anonymous_56)
FN:958,(anonymous_57)
FN:965,(anonymous_58)
FN:967,(anonymous_59)
FN:987,(anonymous_60)
FN:993,(anonymous_61)
FN:1010,(anonymous_62)
FN:1034,(anonymous_63)
FN:1043,(anonymous_64)
FN:1050,(anonymous_65)
FN:1055,(anonymous_66)
FN:1060,(anonymous_67)
FN:1070,(anonymous_68)
FN:1088,(anonymous_69)
FN:1091,(anonymous_70)
FN:1111,(anonymous_71)
FN:1120,(anonymous_72)
FN:1122,(anonymous_73)
FN:1127,(anonymous_74)
FN:1127,(anonymous_75)
FN:1132,(anonymous_76)
FN:1137,(anonymous_77)
FN:1138,(anonymous_78)
FN:1146,(anonymous_79)
FN:1146,(anonymous_80)
FN:1152,(anonymous_81)
FN:1152,(anonymous_82)
FN:1158,(anonymous_83)
FN:1158,(anonymous_84)
FN:1166,(anonymous_85)
FN:1166,(anonymous_86)
FN:1180,(anonymous_87)
FN:1180,(anonymous_88)
FN:1189,(anonymous_89)
FN:1206,(anonymous_90)
FN:1210,(anonymous_91)
FN:1217,(anonymous_92)
FN:1219,(anonymous_93)
FN:1229,(anonymous_94)
FN:1229,(anonymous_95)
FN:1234,(anonymous_96)
FN:1234,(anonymous_97)
FN:1239,(anonymous_98)
FN:1239,(anonymous_99)
FN:1244,(anonymous_100)
FN:1244,(anonymous_101)
FN:1253,(anonymous_102)
FN:1255,(anonymous_103)
FN:1259,(anonymous_104)
FN:1269,(anonymous_105)
FN:1269,(anonymous_106)
FN:1271,(anonymous_107)
FN:1272,(anonymous_108)
FN:1282,(anonymous_109)
FN:1287,(anonymous_110)
FN:1290,(anonymous_111)
FN:1291,(anonymous_112)
FN:1291,(anonymous_113)
FN:1304,(anonymous_114)
FN:1339,(anonymous_115)
FN:1348,(anonymous_116)
FN:1365,(anonymous_117)
FN:1369,(anonymous_118)
FN:1390,(anonymous_119)
FN:1411,(anonymous_120)
FN:1420,(anonymous_121)
FN:1430,(anonymous_122)
FN:1434,(anonymous_123)
FN:1446,(anonymous_124)
FN:1449,(anonymous_125)
FN:1453,(anonymous_126)
FN:1483,(anonymous_127)
FN:1492,(anonymous_128)
FNF:129
FNH:0
FNDA:0,(anonymous_0)
FNDA:0,(anonymous_1)
FNDA:0,(anonymous_2)
FNDA:0,(anonymous_3)
FNDA:0,(anonymous_4)
FNDA:0,(anonymous_5)
FNDA:0,(anonymous_6)
FNDA:0,(anonymous_7)
FNDA:0,(anonymous_8)
FNDA:0,(anonymous_9)
FNDA:0,(anonymous_10)
FNDA:0,(anonymous_11)
FNDA:0,(anonymous_12)
FNDA:0,(anonymous_13)
FNDA:0,(anonymous_14)
FNDA:0,(anonymous_15)
FNDA:0,(anonymous_16)
FNDA:0,(anonymous_17)
FNDA:0,(anonymous_18)
FNDA:0,(anonymous_19)
FNDA:0,(anonymous_20)
FNDA:0,(anonymous_21)
FNDA:0,(anonymous_22)
FNDA:0,(anonymous_23)
FNDA:0,(anonymous_24)
FNDA:0,(anonymous_25)
FNDA:0,(anonymous_26)
FNDA:0,(anonymous_27)
FNDA:0,(anonymous_28)
FNDA:0,(anonymous_29)
FNDA:0,(anonymous_30)
FNDA:0,(anonymous_31)
FNDA:0,(anonymous_32)
FNDA:0,(anonymous_33)
FNDA:0,(anonymous_34)
FNDA:0,(anonymous_35)
FNDA:0,(anonymous_36)
FNDA:0,(anonymous_37)
FNDA:0,(anonymous_38)
FNDA:0,(anonymous_39)
FNDA:0,(anonymous_40)
FNDA:0,(anonymous_41)
FNDA:0,(anonymous_42)
FNDA:0,(anonymous_43)
FNDA:0,(anonymous_44)
FNDA:0,(anonymous_45)
FNDA:0,(anonymous_46)
FNDA:0,(anonymous_47)
FNDA:0,(anonymous_48)
FNDA:0,(anonymous_49)
FNDA:0,(anonymous_50)
FNDA:0,(anonymous_51)
FNDA:0,(anonymous_52)
FNDA:0,(anonymous_53)
FNDA:0,App
FNDA:0,(anonymous_55)
FNDA:0,(anonymous_56)
FNDA:0,(anonymous_57)
FNDA:0,(anonymous_58)
FNDA:0,(anonymous_59)
FNDA:0,(anonymous_60)
FNDA:0,(anonymous_61)
FNDA:0,(anonymous_62)
FNDA:0,(anonymous_63)
FNDA:0,(anonymous_64)
FNDA:0,(anonymous_65)
FNDA:0,(anonymous_66)
FNDA:0,(anonymous_67)
FNDA:0,(anonymous_68)
FNDA:0,(anonymous_69)
FNDA:0,(anonymous_70)
FNDA:0,(anonymous_71)
FNDA:0,(anonymous_72)
FNDA:0,(anonymous_73)
FNDA:0,(anonymous_74)
FNDA:0,(anonymous_75)
FNDA:0,(anonymous_76)
FNDA:0,(anonymous_77)
FNDA:0,(anonymous_78)
FNDA:0,(anonymous_79)
FNDA:0,(anonymous_80)
FNDA:0,(anonymous_81)
FNDA:0,(anonymous_82)
FNDA:0,(anonymous_83)
FNDA:0,(anonymous_84)
FNDA:0,(anonymous_85)
FNDA:0,(anonymous_86)
FNDA:0,(anonymous_87)
FNDA:0,(anonymous_88)
FNDA:0,(anonymous_89)
FNDA:0,(anonymous_90)
FNDA:0,(anonymous_91)
FNDA:0,(anonymous_92)
FNDA:0,(anonymous_93)
FNDA:0,(anonymous_94)
FNDA:0,(anonymous_95)
FNDA:0,(anonymous_96)
FNDA:0,(anonymous_97)
FNDA:0,(anonymous_98)
FNDA:0,(anonymous_99)
FNDA:0,(anonymous_100)
FNDA:0,(anonymous_101)
FNDA:0,(anonymous_102)
FNDA:0,(anonymous_103)
FNDA:0,(anonymous_104)
FNDA:0,(anonymous_105)
FNDA:0,(anonymous_106)
FNDA:0,(anonymous_107)
FNDA:0,(anonymous_108)
FNDA:0,(anonymous_109)
FNDA:0,(anonymous_110)
FNDA:0,(anonymous_111)
FNDA:0,(anonymous_112)
FNDA:0,(anonymous_113)
FNDA:0,(anonymous_114)
FNDA:0,(anonymous_115)
FNDA:0,(anonymous_116)
FNDA:0,(anonymous_117)
FNDA:0,(anonymous_118)
FNDA:0,(anonymous_119)
FNDA:0,(anonymous_120)
FNDA:0,(anonymous_121)
FNDA:0,(anonymous_122)
FNDA:0,(anonymous_123)
FNDA:0,(anonymous_124)
FNDA:0,(anonymous_125)
FNDA:0,(anonymous_126)
FNDA:0,(anonymous_127)
FNDA:0,(anonymous_128)
DA:9,0
DA:10,0
DA:12,0
DA:13,0
DA:15,0
DA:17,0
DA:38,0
DA:39,0
DA:40,0
DA:41,0
DA:42,0
DA:43,0
DA:45,0
DA:46,0
DA:47,0
DA:51,0
DA:52,0
DA:53,0
DA:57,0
DA:58,0
DA:59,0
DA:60,0
DA:61,0
DA:63,0
DA:65,0
DA:69,0
DA:70,0
DA:71,0
DA:72,0
DA:73,0
DA:77,0
DA:79,0
DA:89,0
DA:118,0
DA:119,0
DA:121,0
DA:122,0
DA:123,0
DA:124,0
DA:127,0
DA:131,0
DA:142,0
DA:154,0
DA:167,0
DA:168,0
DA:169,0
DA:170,0
DA:171,0
DA:172,0
DA:173,0
DA:174,0
DA:175,0
DA:176,0
DA:178,0
DA:179,0
DA:180,0
DA:181,0
DA:182,0
DA:184,0
DA:188,0
DA:189,0
DA:190,0
DA:195,0
DA:196,0
DA:199,0
DA:200,0
DA:202,0
DA:203,0
DA:204,0
DA:206,0
DA:207,0
DA:208,0
DA:212,0
DA:213,0
DA:214,0
DA:215,0
DA:217,0
DA:219,0
DA:220,0
DA:222,0
DA:223,0
DA:224,0
DA:225,0
DA:226,0
DA:227,0
DA:228,0
DA:229,0
DA:232,0
DA:233,0
DA:234,0
DA:235,0
DA:237,0
DA:238,0
DA:239,0
DA:240,0
DA:241,0
DA:242,0
DA:244,0
DA:245,0
DA:246,0
DA:249,0
DA:250,0
DA:251,0
DA:255,0
DA:256,0
DA:259,0
DA:260,0
DA:262,0
DA:263,0
DA:264,0
DA:265,0
DA:267,0
DA:268,0
DA:271,0
DA:272,0
DA:273,0
DA:274,0
DA:275,0
DA:276,0
DA:279,0
DA:280,0
DA:281,0
DA:282,0
DA:287,0
DA:288,0
DA:289,0
DA:292,0
DA:294,0
DA:295,0
DA:302,0
DA:311,0
DA:312,0
DA:318,0
DA:320,0
DA:322,0
DA:324,0
DA:328,0
DA:329,0
DA:330,0
DA:333,0
DA:334,0
DA:336,0
DA:337,0
DA:342,0
DA:343,0
DA:346,0
DA:348,0
DA:352,0
DA:380,0
DA:381,0
DA:382,0
DA:383,0
DA:384,0
DA:385,0
DA:387,0
DA:388,0
DA:389,0
DA:392,0
DA:393,0
DA:395,0
DA:396,0
DA:397,0
DA:400,0
DA:401,0
DA:402,0
DA:403,0
DA:404,0
DA:406,0
DA:407,0
DA:408,0
DA:409,0
DA:410,0
DA:411,0
DA:412,0
DA:413,0
DA:414,0
DA:415,0
DA:416,0
DA:417,0
DA:418,0
DA:419,0
DA:421,0
DA:426,0
DA:427,0
DA:428,0
DA:431,0
DA:433,0
DA:436,0
DA:438,0
DA:439,0
DA:441,0
DA:442,0
DA:445,0
DA:446,0
DA:448,0
DA:450,0
DA:451,0
DA:454,0
DA:456,0
DA:457,0
DA:461,0
DA:462,0
DA:463,0
DA:466,0
DA:467,0
DA:468,0
DA:471,0
DA:472,0
DA:473,0
DA:475,0
DA:476,0
DA:477,0
DA:478,0
DA:479,0
DA:485,0
DA:486,0
DA:496,0
DA:510,0
DA:520,0
DA:536,0
DA:544,0
DA:545,0
DA:546,0
DA:547,0
DA:548,0
DA:550,0
DA:551,0
DA:552,0
DA:553,0
DA:555,0
DA:559,0
DA:560,0
DA:562,0
DA:563,0
DA:564,0
DA:565,0
DA:569,0
DA:570,0
DA:572,0
DA:573,0
DA:574,0
DA:575,0
DA:576,0
DA:578,0
DA:580,0
DA:581,0
DA:583,0
DA:587,0
DA:588,0
DA:589,0
DA:592,0
DA:593,0
DA:594,0
DA:597,0
DA:598,0
DA:599,0
DA:601,0
DA:602,0
DA:605,0
DA:606,0
DA:607,0
DA:608,0
DA:609,0
DA:610,0
DA:611,0
DA:612,0
DA:613,0
DA:614,0
DA:615,0
DA:616,0
DA:617,0
DA:618,0
DA:620,0
DA:621,0
DA:623,0
DA:626,0
DA:628,0
DA:631,0
DA:635,0
DA:636,0
DA:637,0
DA:638,0
DA:639,0
DA:641,0
DA:642,0
DA:643,0
DA:644,0
DA:647,0
DA:648,0
DA:649,0
DA:650,0
DA:651,0
DA:652,0
DA:654,0
DA:655,0
DA:657,0
DA:662,0
DA:675,0
DA:676,0
DA:698,0
DA:699,0
DA:700,0
DA:701,0
DA:702,0
DA:704,0
DA:705,0
DA:706,0
DA:707,0
DA:709,0
DA:710,0
DA:711,0
DA:713,0
DA:715,0
DA:716,0
DA:717,0
DA:718,0
DA:719,0
DA:720,0
DA:722,0
DA:725,0
DA:726,0
DA:727,0
DA:728,0
DA:730,0
DA:733,0
DA:734,0
DA:735,0
DA:738,0
DA:739,0
DA:740,0
DA:741,0
DA:742,0
DA:745,0
DA:746,0
DA:747,0
DA:748,0
DA:749,0
DA:750,0
DA:751,0
DA:753,0
DA:754,0
DA:755,0
DA:756,0
DA:762,0
DA:764,0
DA:765,0
DA:766,0
DA:771,0
DA:772,0
DA:774,0
DA:775,0
DA:776,0
DA:777,0
DA:778,0
DA:779,0
DA:780,0
DA:781,0
DA:782,0
DA:783,0
DA:784,0
DA:785,0
DA:788,0
DA:789,0
DA:791,0
DA:792,0
DA:793,0
DA:794,0
DA:795,0
DA:796,0
DA:797,0
DA:798,0
DA:804,0
DA:810,0
DA:811,0
DA:812,0
DA:813,0
DA:814,0
DA:815,0
DA:818,0
DA:819,0
DA:820,0
DA:821,0
DA:823,0
DA:824,0
DA:828,0
DA:829,0
DA:833,0
DA:834,0
DA:838,0
DA:839,0
DA:840,0
DA:842,0
DA:843,0
DA:848,0
DA:873,0
DA:876,0
DA:909,0
DA:916,0
DA:917,0
DA:918,0
DA:919,0
DA:920,0
DA:921,0
DA:922,0
DA:925,0
DA:931,0
DA:932,0
DA:933,0
DA:934,0
DA:935,0
DA:936,0
DA:937,0
DA:939,0
DA:942,0
DA:943,0
DA:944,0
DA:945,0
DA:946,0
DA:947,0
DA:948,0
DA:949,0
DA:953,0
DA:958,0
DA:959,0
DA:960,0
DA:965,0
DA:966,0
DA:967,0
DA:968,0
DA:969,0
DA:970,0
DA:972,0
DA:975,0
DA:976,0
DA:977,0
DA:980,0
DA:981,0
DA:984,0
DA:987,0
DA:993,0
DA:996,0
DA:1007,0
DA:1008,0
DA:1010,0
DA:1013,0
DA:1016,0
DA:1017,0
DA:1018,0
DA:1022,0
DA:1023,0
DA:1025,0
DA:1029,0
DA:1034,0
DA:1036,0
DA:1037,0
DA:1038,0
DA:1042,0
DA:1044,0
DA:1045,0
DA:1046,0
DA:1047,0
DA:1051,0
DA:1052,0
DA:1053,0
DA:1056,0
DA:1057,0
DA:1058,0
DA:1061,0
DA:1062,0
DA:1063,0
DA:1067,0
DA:1070,0
DA:1071,0
DA:1074,0
DA:1083,0
DA:1086,0
DA:1088,0
DA:1091,0
DA:1092,0
DA:1094,0
DA:1095,0
DA:1098,0
DA:1099,0
DA:1107,0
DA:1108,0
DA:1109,0
DA:1111,0
DA:1114,0
DA:1115,0
DA:1116,0
DA:1118,0
DA:1120,0
DA:1121,0
DA:1122,0
DA:1127,0
DA:1128,0
DA:1132,0
DA:1133,0
DA:1134,0
DA:1135,0
DA:1136,0
DA:1137,0
DA:1138,0
DA:1139,0
DA:1140,0
DA:1146,0
DA:1147,0
DA:1150,0
DA:1151,0
DA:1152,0
DA:1153,0
DA:1157,0
DA:1158,0
DA:1159,0
DA:1166,0
DA:1167,0
DA:1171,0
DA:1173,0
DA:1174,0
DA:1175,0
DA:1176,0
DA:1177,0
DA:1178,0
DA:1180,0
DA:1181,0
DA:1184,0
DA:1185,0
DA:1189,0
DA:1190,0
DA:1191,0
DA:1194,0
DA:1195,0
DA:1203,0
DA:1204,0
DA:1206,0
DA:1209,0
DA:1210,0
DA:1212,0
DA:1213,0
DA:1214,0
DA:1216,0
DA:1217,0
DA:1219,0
DA:1220,0
DA:1221,0
DA:1229,0
DA:1230,0
DA:1233,0
DA:1234,0
DA:1235,0
DA:1239,0
DA:1240,0
DA:1244,0
DA:1245,0
DA:1249,0
DA:1253,0
DA:1254,0
DA:1255,0
DA:1256,0
DA:1259,0
DA:1261,0
DA:1262,0
DA:1263,0
DA:1265,0
DA:1266,0
DA:1267,0
DA:1269,0
DA:1270,0
DA:1271,0
DA:1272,0
DA:1273,0
DA:1274,0
DA:1275,0
DA:1276,0
DA:1282,0
DA:1286,0
DA:1287,0
DA:1290,0
DA:1291,0
DA:1296,0
DA:1304,0
DA:1365,0
DA:1370,0
DA:1371,0
DA:1391,0
DA:1392,0
DA:1411,0
DA:1420,0
DA:1431,0
DA:1434,0
DA:1446,0
DA:1450,0
DA:1453,0
LF:593
LH:0
BRDA:13,0,0,0
BRDA:13,0,1,0
BRDA:15,1,0,0
BRDA:15,1,1,0
BRDA:15,2,0,0
BRDA:15,2,1,0
BRDA:23,3,0,0
BRDA:23,3,1,0
BRDA:43,4,0,0
BRDA:43,4,1,0
BRDA:46,5,0,0
BRDA:46,5,1,0
BRDA:46,6,0,0
BRDA:46,6,1,0
BRDA:52,7,0,0
BRDA:52,7,1,0
BRDA:63,8,0,0
BRDA:63,8,1,0
BRDA:70,9,0,0
BRDA:70,9,1,0
BRDA:77,10,0,0
BRDA:77,10,1,0
BRDA:77,11,0,0
BRDA:77,11,1,0
BRDA:87,12,0,0
BRDA:87,12,1,0
BRDA:91,13,0,0
BRDA:91,13,1,0
BRDA:93,14,0,0
BRDA:93,14,1,0
BRDA:93,14,2,0
BRDA:97,15,0,0
BRDA:97,15,1,0
BRDA:109,16,0,0
BRDA:109,16,1,0
BRDA:124,17,0,0
BRDA:124,17,1,0
BRDA:130,18,0,0
BRDA:130,18,1,0
BRDA:132,19,0,0
BRDA:132,19,1,0
BRDA:138,20,0,0
BRDA:138,20,1,0
BRDA:138,21,0,0
BRDA:138,21,1,0
BRDA:141,22,0,0
BRDA:141,22,1,0
BRDA:143,23,0,0
BRDA:143,23,1,0
BRDA:150,24,0,0
BRDA:150,24,1,0
BRDA:150,25,0,0
BRDA:150,25,1,0
BRDA:153,26,0,0
BRDA:153,26,1,0
BRDA:155,27,0,0
BRDA:155,27,1,0
BRDA:161,28,0,0
BRDA:161,28,1,0
BRDA:161,29,0,0
BRDA:161,29,1,0
BRDA:181,30,0,0
BRDA:181,30,1,0
BRDA:184,31,0,0
BRDA:184,31,1,0
BRDA:195,32,0,0
BRDA:195,32,1,0
BRDA:213,33,0,0
BRDA:213,33,1,0
BRDA:217,34,0,0
BRDA:217,34,1,0
BRDA:217,35,0,0
BRDA:217,35,1,0
BRDA:242,36,0,0
BRDA:242,36,1,0
BRDA:288,37,0,0
BRDA:288,37,1,0
BRDA:292,38,0,0
BRDA:292,38,1,0
BRDA:294,39,0,0
BRDA:294,39,1,0
BRDA:320,40,0,0
BRDA:320,40,1,0
BRDA:329,41,0,0
BRDA:329,41,1,0
BRDA:333,42,0,0
BRDA:333,42,1,0
BRDA:334,43,0,0
BRDA:334,43,1,0
BRDA:342,44,0,0
BRDA:342,44,1,0
BRDA:365,45,0,0
BRDA:365,45,1,0
BRDA:365,45,2,0
BRDA:389,46,0,0
BRDA:389,46,1,0
BRDA:409,47,0,0
BRDA:409,47,1,0
BRDA:410,48,0,0
BRDA:410,48,1,0
BRDA:427,49,0,0
BRDA:427,49,1,0
BRDA:441,50,0,0
BRDA:441,50,1,0
BRDA:476,51,0,0
BRDA:476,51,1,0
BRDA:478,52,0,0
BRDA:478,52,1,0
BRDA:485,53,0,0
BRDA:485,53,1,0
BRDA:524,54,0,0
BRDA:524,54,1,0
BRDA:531,55,0,0
BRDA:531,55,1,0
BRDA:553,56,0,0
BRDA:553,56,1,0
BRDA:563,57,0,0
BRDA:563,57,1,0
BRDA:575,58,0,0
BRDA:575,58,1,0
BRDA:602,59,0,0
BRDA:602,59,1,0
BRDA:605,60,0,0
BRDA:605,60,1,0
BRDA:605,61,0,0
BRDA:605,61,1,0
BRDA:607,62,0,0
BRDA:607,62,1,0
BRDA:607,63,0,0
BRDA:607,63,1,0
BRDA:607,63,2,0
BRDA:617,64,0,0
BRDA:617,64,1,0
BRDA:635,65,0,0
BRDA:635,65,1,0
BRDA:636,66,0,0
BRDA:636,66,1,0
BRDA:636,67,0,0
BRDA:636,67,1,0
BRDA:638,68,0,0
BRDA:638,68,1,0
BRDA:642,69,0,0
BRDA:642,69,1,0
BRDA:651,70,0,0
BRDA:651,70,1,0
BRDA:665,71,0,0
BRDA:665,71,1,0
BRDA:676,72,0,0
BRDA:676,72,1,0
BRDA:678,73,0,0
BRDA:678,73,1,0
BRDA:682,74,0,0
BRDA:682,74,1,0
BRDA:688,75,0,0
BRDA:688,75,1,0
BRDA:711,76,0,0
BRDA:711,76,1,0
BRDA:713,77,0,0
BRDA:713,77,1,0
BRDA:715,78,0,0
BRDA:715,78,1,0
BRDA:725,79,0,0
BRDA:725,79,1,0
BRDA:727,80,0,0
BRDA:727,80,1,0
BRDA:727,81,0,0
BRDA:727,81,1,0
BRDA:730,82,0,0
BRDA:730,82,1,0
BRDA:734,83,0,0
BRDA:734,83,1,0
BRDA:739,84,0,0
BRDA:739,84,1,0
BRDA:745,85,0,0
BRDA:745,85,1,0
BRDA:746,86,0,0
BRDA:746,86,1,0
BRDA:749,87,0,0
BRDA:749,87,1,0
BRDA:754,88,0,0
BRDA:754,88,1,0
BRDA:762,89,0,0
BRDA:762,89,1,0
BRDA:762,90,0,0
BRDA:762,90,1,0
BRDA:762,90,2,0
BRDA:764,91,0,0
BRDA:764,91,1,0
BRDA:771,92,0,0
BRDA:771,92,1,0
BRDA:774,93,0,0
BRDA:774,93,1,0
BRDA:775,94,0,0
BRDA:775,94,1,0
BRDA:776,95,0,0
BRDA:776,95,1,0
BRDA:778,96,0,0
BRDA:778,96,1,0
BRDA:778,97,0,0
BRDA:778,97,1,0
BRDA:783,98,0,0
BRDA:783,98,1,0
BRDA:788,99,0,0
BRDA:788,99,1,0
BRDA:791,100,0,0
BRDA:791,100,1,0
BRDA:796,101,0,0
BRDA:796,101,1,0
BRDA:818,102,0,0
BRDA:818,102,1,0
BRDA:819,103,0,0
BRDA:819,103,1,0
BRDA:820,104,0,0
BRDA:820,104,1,0
BRDA:828,105,0,0
BRDA:828,105,1,0
BRDA:833,106,0,0
BRDA:833,106,1,0
BRDA:842,107,0,0
BRDA:842,107,1,0
BRDA:851,108,0,0
BRDA:851,108,1,0
BRDA:860,109,0,0
BRDA:860,109,1,0
BRDA:867,110,0,0
BRDA:867,110,1,0
BRDA:873,111,0,0
BRDA:885,112,0,0
BRDA:885,112,1,0
BRDA:896,113,0,0
BRDA:896,113,1,0
BRDA:902,114,0,0
BRDA:902,114,1,0
BRDA:902,114,2,0
BRDA:902,114,3,0
BRDA:916,115,0,0
BRDA:916,115,1,0
BRDA:926,116,0,0
BRDA:926,116,1,0
BRDA:926,116,2,0
BRDA:943,117,0,0
BRDA:943,117,1,0
BRDA:944,118,0,0
BRDA:944,118,1,0
BRDA:959,119,0,0
BRDA:959,119,1,0
BRDA:959,120,0,0
BRDA:959,120,1,0
BRDA:966,121,0,0
BRDA:966,121,1,0
BRDA:966,122,0,0
BRDA:966,122,1,0
BRDA:976,123,0,0
BRDA:976,123,1,0
BRDA:984,124,0,0
BRDA:984,124,1,0
BRDA:987,125,0,0
BRDA:987,125,1,0
BRDA:990,126,0,0
BRDA:990,126,1,0
BRDA:1007,127,0,0
BRDA:1007,127,1,0
BRDA:1016,128,0,0
BRDA:1016,128,1,0
BRDA:1036,129,0,0
BRDA:1036,129,1,0
BRDA:1045,130,0,0
BRDA:1045,130,1,0
BRDA:1071,131,0,0
BRDA:1071,131,1,0
BRDA:1071,132,0,0
BRDA:1071,132,1,0
BRDA:1071,132,2,0
BRDA:1071,132,3,0
BRDA:1071,132,4,0
BRDA:1108,133,0,0
BRDA:1108,133,1,0
BRDA:1116,134,0,0
BRDA:1116,134,1,0
BRDA:1116,134,2,0
BRDA:1118,135,0,0
BRDA:1118,135,1,0
BRDA:1118,136,0,0
BRDA:1118,136,1,0
BRDA:1121,137,0,0
BRDA:1121,137,1,0
BRDA:1123,138,0,0
BRDA:1123,138,1,0
BRDA:1124,139,0,0
BRDA:1124,139,1,0
BRDA:1128,140,0,0
BRDA:1128,140,1,0
BRDA:1133,141,0,0
BRDA:1133,141,1,0
BRDA:1141,142,0,0
BRDA:1141,142,1,0
BRDA:1141,142,2,0
BRDA:1141,142,3,0
BRDA:1141,142,4,0
BRDA:1142,143,0,0
BRDA:1142,143,1,0
BRDA:1147,144,0,0
BRDA:1147,144,1,0
BRDA:1153,145,0,0
BRDA:1153,145,1,0
BRDA:1159,146,0,0
BRDA:1159,146,1,0
BRDA:1167,147,0,0
BRDA:1167,147,1,0
BRDA:1176,148,0,0
BRDA:1176,148,1,0
BRDA:1176,149,0,0
BRDA:1176,149,1,0
BRDA:1181,150,0,0
BRDA:1181,150,1,0
BRDA:1190,151,0,0
BRDA:1190,151,1,0
BRDA:1190,151,2,0
BRDA:1191,152,0,0
BRDA:1191,152,1,0
BRDA:1191,152,2,0
BRDA:1191,152,3,0
BRDA:1191,152,4,0
BRDA:1191,153,0,0
BRDA:1191,153,1,0
BRDA:1203,154,0,0
BRDA:1203,154,1,0
BRDA:1209,155,0,0
BRDA:1209,155,1,0
BRDA:1209,156,0,0
BRDA:1209,156,1,0
BRDA:1212,157,0,0
BRDA:1212,157,1,0
BRDA:1222,158,0,0
BRDA:1222,158,1,0
BRDA:1222,158,2,0
BRDA:1222,158,3,0
BRDA:1222,158,4,0
BRDA:1223,159,0,0
BRDA:1223,159,1,0
BRDA:1230,160,0,0
BRDA:1230,160,1,0
BRDA:1235,161,0,0
BRDA:1235,161,1,0
BRDA:1240,162,0,0
BRDA:1240,162,1,0
BRDA:1245,163,0,0
BRDA:1245,163,1,0
BRDA:1256,164,0,0
BRDA:1256,164,1,0
BRDA:1262,165,0,0
BRDA:1262,165,1,0
BRDA:1265,166,0,0
BRDA:1265,166,1,0
BRDA:1266,167,0,0
BRDA:1266,167,1,0
BRDA:1269,168,0,0
BRDA:1269,168,1,0
BRDA:1270,169,0,0
BRDA:1270,169,1,0
BRDA:1274,170,0,0
BRDA:1274,170,1,0
BRDA:1275,171,0,0
BRDA:1275,171,1,0
BRDA:1275,172,0,0
BRDA:1275,172,1,0
BRDA:1277,173,0,0
BRDA:1277,173,1,0
BRDA:1278,174,0,0
BRDA:1278,174,1,0
BRDA:1299,175,0,0
BRDA:1299,175,1,0
BRDA:1305,176,0,0
BRDA:1305,176,1,0
BRDA:1306,177,0,0
BRDA:1306,177,1,0
BRDA:1308,178,0,0
BRDA:1308,178,1,0
BRDA:1312,179,0,0
BRDA:1312,179,1,0
BRDA:1335,180,0,0
BRDA:1335,180,1,0
BRDA:1344,181,0,0
BRDA:1344,181,1,0
BRDA:1353,182,0,0
BRDA:1353,182,1,0
BRDA:1380,183,0,0
BRDA:1380,183,1,0
BRDA:1405,184,0,0
BRDA:1405,184,1,0
BRDA:1479,185,0,0
BRDA:1479,185,1,0
BRDA:1488,186,0,0
BRDA:1488,186,1,0
BRDA:1497,187,0,0
BRDA:1497,187,1,0
BRF:396
BRH:0
end_of_record
TN:
SF:src/client/components/CameraSection.jsx
FN:28,(anonymous_0)
FN:50,(anonymous_1)
FN:52,(anonymous_2)
FN:54,(anonymous_3)
FN:57,(anonymous_4)
FN:69,(anonymous_5)
FN:73,(anonymous_6)
FN:131,(anonymous_7)
FN:228,(anonymous_8)
FN:279,(anonymous_9)
FN:281,(anonymous_10)
FN:284,(anonymous_11)
FNF:12
FNH:0
FNDA:0,(anonymous_0)
FNDA:0,(anonymous_1)
FNDA:0,(anonymous_2)
FNDA:0,(anonymous_3)
FNDA:0,(anonymous_4)
FNDA:0,(anonymous_5)
FNDA:0,(anonymous_6)
FNDA:0,(anonymous_7)
FNDA:0,(anonymous_8)
FNDA:0,(anonymous_9)
FNDA:0,(anonymous_10)
FNDA:0,(anonymous_11)
DA:28,0
DA:30,0
DA:31,0
DA:34,0
DA:35,0
DA:36,0
DA:37,0
DA:38,0
DA:39,0
DA:40,0
DA:43,0
DA:44,0
DA:45,0
DA:48,0
DA:50,0
DA:51,0
DA:52,0
DA:53,0
DA:54,0
DA:56,0
DA:57,0
DA:59,0
DA:60,0
DA:69,0
DA:70,0
DA:72,0
DA:73,0
DA:74,0
DA:75,0
DA:78,0
DA:88,0
DA:89,0
DA:92,0
DA:93,0
DA:96,0
DA:97,0
DA:108,0
DA:109,0
DA:112,0
DA:113,0
DA:115,0
DA:119,0
DA:120,0
DA:121,0
DA:131,0
DA:133,0
DA:134,0
DA:135,0
DA:139,0
DA:141,0
DA:142,0
DA:144,0
DA:145,0
DA:146,0
DA:147,0
DA:148,0
DA:149,0
DA:150,0
DA:151,0
DA:154,0
DA:155,0
DA:156,0
DA:157,0
DA:158,0
DA:159,0
DA:160,0
DA:161,0
DA:165,0
DA:166,0
DA:167,0
DA:168,0
DA:170,0
DA:171,0
DA:172,0
DA:173,0
DA:174,0
DA:175,0
DA:177,0
DA:178,0
DA:179,0
DA:182,0
DA:183,0
DA:184,0
DA:188,0
DA:189,0
DA:192,0
DA:193,0
DA:195,0
DA:196,0
DA:197,0
DA:198,0
DA:200,0
DA:201,0
DA:204,0
DA:207,0
DA:208,0
DA:209,0
DA:210,0
DA:211,0
DA:212,0
DA:215,0
DA:216,0
DA:217,0
DA:218,0
DA:219,0
DA:224,0
DA:225,0
DA:226,0
DA:228,0
DA:233,0
DA:235,0
DA:246,0
DA:247,0
DA:248,0
DA:258,0
DA:259,0
DA:269,0
DA:270,0
DA:273,0
DA:275,0
DA:279,0
DA:280,0
DA:281,0
DA:283,0
DA:284,0
DA:287,0
DA:288,0
DA:290,0
DA:291,0
DA:301,0
DA:302,0
DA:305,0
DA:308,0
DA:309,0
DA:320,0
DA:321,0
DA:324,0
DA:326,0
DA:327,0
DA:328,0
DA:331,0
DA:335,0
LF:142
LH:0
BRDA:53,0,0,0
BRDA:53,0,1,0
BRDA:56,1,0,0
BRDA:56,1,1,0
BRDA:59,2,0,0
BRDA:59,2,1,0
BRDA:88,3,0,0
BRDA:88,3,1,0
BRDA:108,4,0,0
BRDA:108,4,1,0
BRDA:133,5,0,0
BRDA:133,5,1,0
BRDA:139,6,0,0
BRDA:139,6,1,0
BRDA:139,7,0,0
BRDA:139,7,1,0
BRDA:155,8,0,0
BRDA:155,8,1,0
BRDA:155,9,0,0
BRDA:155,9,1,0
BRDA:175,10,0,0
BRDA:175,10,1,0
BRDA:204,11,0,0
BRDA:204,11,1,0
BRDA:225,12,0,0
BRDA:225,12,1,0
BRDA:233,13,0,0
BRDA:233,13,1,0
BRDA:246,14,0,0
BRDA:246,14,1,0
BRDA:247,15,0,0
BRDA:247,15,1,0
BRDA:269,16,0,0
BRDA:269,16,1,0
BRDA:280,17,0,0
BRDA:280,17,1,0
BRDA:283,18,0,0
BRDA:283,18,1,0
BRDA:287,19,0,0
BRDA:287,19,1,0
BRDA:288,20,0,0
BRDA:288,20,1,0
BRDA:301,21,0,0
BRDA:301,21,1,0
BRDA:320,22,0,0
BRDA:320,22,1,0
BRDA:338,23,0,0
BRDA:338,23,1,0
BRDA:351,24,0,0
BRDA:351,24,1,0
BRDA:361,25,0,0
BRDA:361,25,1,0
BRDA:361,25,2,0
BRDA:373,26,0,0
BRDA:373,26,1,0
BRDA:380,27,0,0
BRDA:380,27,1,0
BRF:57
BRH:0
end_of_record
TN:
SF:src/client/components/ImageModeSelector.jsx
FN:26,(anonymous_0)
FN:47,(anonymous_1)
FN:48,(anonymous_2)
FN:62,(anonymous_3)
FN:70,(anonymous_4)
FN:78,(anonymous_5)
FNF:6
FNH:0
FNDA:0,(anonymous_0)
FNDA:0,(anonymous_1)
FNDA:0,(anonymous_2)
FNDA:0,(anonymous_3)
FNDA:0,(anonymous_4)
FNDA:0,(anonymous_5)
DA:4,0
DA:11,0
DA:19,0
DA:26,0
DA:27,0
DA:29,0
DA:45,0
DA:47,0
DA:48,0
DA:49,0
DA:50,0
DA:51,0
DA:54,0
DA:62,0
DA:70,0
DA:78,0
LF:16
LH:0
BRDA:31,0,0,0
BRDA:31,0,1,0
BRDA:33,1,0,0
BRDA:33,1,1,0
BRDA:40,2,0,0
BRDA:40,2,1,0
BRF:6
BRH:0
end_of_record
TN:
SF:src/client/components/LinkSection.jsx
FN:4,(anonymous_0)
FN:12,(anonymous_1)
FN:18,(anonymous_2)
FN:27,(anonymous_3)
FN:54,(anonymous_4)
FN:59,(anonymous_5)
FN:64,(anonymous_6)
FN:79,(anonymous_7)
FN:142,(anonymous_8)
FNF:9
FNH:0
FNDA:0,(anonymous_0)
FNDA:0,(anonymous_1)
FNDA:0,(anonymous_2)
FNDA:0,(anonymous_3)
FNDA:0,(anonymous_4)
FNDA:0,(anonymous_5)
FNDA:0,(anonymous_6)
FNDA:0,(anonymous_7)
FNDA:0,(anonymous_8)
DA:4,0
DA:5,0
DA:6,0
DA:7,0
DA:8,0
DA:9,0
DA:12,0
DA:13,0
DA:14,0
DA:18,0
DA:19,0
DA:20,0
DA:21,0
DA:23,0
DA:27,0
DA:28,0
DA:30,0
DA:31,0
DA:32,0
DA:33,0
DA:37,0
DA:38,0
DA:40,0
DA:41,0
DA:42,0
DA:43,0
DA:45,0
DA:47,0
DA:48,0
DA:50,0
DA:54,0
DA:55,0
DA:56,0
DA:59,0
DA:60,0
DA:61,0
DA:64,0
DA:65,0
DA:66,0
DA:68,0
DA:69,0
DA:72,0
DA:73,0
DA:74,0
DA:75,0
DA:76,0
DA:77,0
DA:78,0
DA:79,0
DA:80,0
DA:81,0
DA:82,0
DA:83,0
DA:84,0
DA:86,0
DA:87,0
DA:89,0
DA:92,0
DA:94,0
DA:97,0
DA:101,0
DA:102,0
DA:103,0
DA:104,0
DA:105,0
DA:107,0
DA:108,0
DA:109,0
DA:110,0
DA:114,0
DA:115,0
DA:116,0
DA:117,0
DA:118,0
DA:119,0
DA:121,0
DA:122,0
DA:124,0
DA:129,0
DA:143,0
DA:144,0
LF:81
LH:0
BRDA:13,0,0,0
BRDA:13,0,1,0
BRDA:21,1,0,0
BRDA:21,1,1,0
BRDA:31,2,0,0
BRDA:31,2,1,0
BRDA:42,3,0,0
BRDA:42,3,1,0
BRDA:69,4,0,0
BRDA:69,4,1,0
BRDA:72,5,0,0
BRDA:72,5,1,0
BRDA:72,6,0,0
BRDA:72,6,1,0
BRDA:74,7,0,0
BRDA:74,7,1,0
BRDA:74,8,0,0
BRDA:74,8,1,0
BRDA:74,8,2,0
BRDA:83,9,0,0
BRDA:83,9,1,0
BRDA:101,10,0,0
BRDA:101,10,1,0
BRDA:102,11,0,0
BRDA:102,11,1,0
BRDA:102,12,0,0
BRDA:102,12,1,0
BRDA:104,13,0,0
BRDA:104,13,1,0
BRDA:108,14,0,0
BRDA:108,14,1,0
BRDA:118,15,0,0
BRDA:118,15,1,0
BRDA:132,16,0,0
BRDA:132,16,1,0
BRDA:144,17,0,0
BRDA:144,17,1,0
BRDA:146,18,0,0
BRDA:146,18,1,0
BRDA:150,19,0,0
BRDA:150,19,1,0
BRDA:156,20,0,0
BRDA:156,20,1,0
BRF:43
BRH:0
end_of_record
TN:
SF:src/client/components/LoadingStates.jsx
FN:5,(anonymous_0)
FNF:1
FNH:0
FNDA:0,(anonymous_0)
DA:5,0
DA:6,0
DA:8,0
DA:9,0
DA:12,0
LF:5
LH:0
BRDA:8,0,0,0
BRDA:8,0,1,0
BRF:2
BRH:0
end_of_record
TN:
SF:src/client/components/ModeSelector.jsx
FN:27,(anonymous_0)
FN:34,(anonymous_1)
FN:49,(anonymous_2)
FNF:3
FNH:0
FNDA:0,(anonymous_0)
FNDA:0,(anonymous_1)
FNDA:0,(anonymous_2)
DA:5,0
DA:12,0
DA:20,0
DA:27,0
DA:28,0
DA:29,0
DA:31,0
DA:34,0
DA:47,0
DA:49,0
DA:50,0
LF:11
LH:0
BRDA:33,0,0,0
BRDA:33,0,1,0
BRDA:35,1,0,0
BRDA:35,1,1,0
BRDA:42,2,0,0
BRDA:42,2,1,0
BRF:6
BRH:0
end_of_record
TN:
SF:src/client/components/MolecularColumn.jsx
FN:4,(anonymous_0)
FN:46,(anonymous_1)
FNF:2
FNH:0
FNDA:0,(anonymous_0)
FNDA:0,(anonymous_1)
DA:4,0
DA:7,0
DA:47,0
LF:3
LH:0
BRDA:4,0,0,0
BRDA:16,1,0,0
BRDA:16,1,1,0
BRDA:27,2,0,0
BRDA:27,2,1,0
BRDA:34,3,0,0
BRDA:34,3,1,0
BRDA:34,3,2,0
BRDA:34,3,3,0
BRDA:40,4,0,0
BRDA:40,4,1,0
BRDA:40,4,2,0
BRDA:40,4,3,0
BRF:13
BRH:0
end_of_record
TN:
SF:src/client/components/MoleculeViewer.jsx
FN:29,(anonymous_0)
FN:35,(anonymous_1)
FN:37,(anonymous_2)
FN:41,(anonymous_3)
FN:77,(anonymous_4)
FN:77,(anonymous_5)
FN:159,(anonymous_6)
FNF:7
FNH:0
FNDA:0,(anonymous_0)
FNDA:0,(anonymous_1)
FNDA:0,(anonymous_2)
FNDA:0,(anonymous_3)
FNDA:0,(anonymous_4)
FNDA:0,(anonymous_5)
FNDA:0,(anonymous_6)
DA:29,0
DA:30,0
DA:31,0
DA:32,0
DA:33,0
DA:35,0
DA:36,0
DA:37,0
DA:38,0
DA:40,0
DA:41,0
DA:42,0
DA:44,0
DA:46,0
DA:47,0
DA:48,0
DA:49,0
DA:50,0
DA:51,0
DA:53,0
DA:56,0
DA:57,0
DA:58,0
DA:59,0
DA:61,0
DA:64,0
DA:65,0
DA:66,0
DA:69,0
DA:70,0
DA:71,0
DA:72,0
DA:73,0
DA:76,0
DA:77,0
DA:78,0
DA:79,0
DA:80,0
DA:81,0
DA:82,0
DA:84,0
DA:85,0
DA:86,0
DA:87,0
DA:93,0
DA:95,0
DA:96,0
DA:97,0
DA:102,0
DA:103,0
DA:105,0
DA:106,0
DA:107,0
DA:108,0
DA:109,0
DA:110,0
DA:111,0
DA:112,0
DA:113,0
DA:114,0
DA:115,0
DA:116,0
DA:117,0
DA:118,0
DA:124,0
DA:132,0
DA:133,0
DA:134,0
DA:135,0
DA:136,0
DA:137,0
DA:138,0
DA:139,0
DA:140,0
DA:141,0
DA:143,0
DA:144,0
DA:148,0
DA:149,0
DA:153,0
DA:154,0
DA:158,0
DA:159,0
DA:160,0
DA:162,0
DA:163,0
DA:168,0
LF:87
LH:0
BRDA:42,0,0,0
BRDA:42,0,1,0
BRDA:44,1,0,0
BRDA:44,1,1,0
BRDA:46,2,0,0
BRDA:46,2,1,0
BRDA:56,3,0,0
BRDA:56,3,1,0
BRDA:58,4,0,0
BRDA:58,4,1,0
BRDA:58,5,0,0
BRDA:58,5,1,0
BRDA:61,6,0,0
BRDA:61,6,1,0
BRDA:65,7,0,0
BRDA:65,7,1,0
BRDA:70,8,0,0
BRDA:70,8,1,0
BRDA:76,9,0,0
BRDA:76,9,1,0
BRDA:77,10,0,0
BRDA:77,10,1,0
BRDA:80,11,0,0
BRDA:80,11,1,0
BRDA:85,12,0,0
BRDA:85,12,1,0
BRDA:93,13,0,0
BRDA:93,13,1,0
BRDA:93,14,0,0
BRDA:93,14,1,0
BRDA:93,14,2,0
BRDA:95,15,0,0
BRDA:95,15,1,0
BRDA:102,16,0,0
BRDA:102,16,1,0
BRDA:105,17,0,0
BRDA:105,17,1,0
BRDA:106,18,0,0
BRDA:106,18,1,0
BRDA:107,19,0,0
BRDA:107,19,1,0
BRDA:109,20,0,0
BRDA:109,20,1,0
BRDA:111,21,0,0
BRDA:111,21,1,0
BRDA:116,22,0,0
BRDA:116,22,1,0
BRDA:138,23,0,0
BRDA:138,23,1,0
BRDA:139,24,0,0
BRDA:139,24,1,0
BRDA:140,25,0,0
BRDA:140,25,1,0
BRDA:148,26,0,0
BRDA:148,26,1,0
BRDA:153,27,0,0
BRDA:153,27,1,0
BRDA:162,28,0,0
BRDA:162,28,1,0
BRDA:171,29,0,0
BRDA:171,29,1,0
BRDA:180,30,0,0
BRDA:180,30,1,0
BRDA:187,31,0,0
BRDA:187,31,1,0
BRF:65
BRH:0
end_of_record
TN:
SF:src/client/components/PhotoSection.jsx
FN:5,(anonymous_0)
FN:12,(anonymous_1)
FN:27,(anonymous_2)
FN:32,(anonymous_3)
FN:56,(anonymous_4)
FN:59,(anonymous_5)
FN:64,(anonymous_6)
FN:65,(anonymous_7)
FN:80,(anonymous_8)
FN:85,(anonymous_9)
FN:90,(anonymous_10)
FN:104,(anonymous_11)
FN:124,(anonymous_12)
FN:150,(anonymous_13)
FN:166,(anonymous_14)
FNF:15
FNH:0
FNDA:0,(anonymous_0)
FNDA:0,(anonymous_1)
FNDA:0,(anonymous_2)
FNDA:0,(anonymous_3)
FNDA:0,(anonymous_4)
FNDA:0,(anonymous_5)
FNDA:0,(anonymous_6)
FNDA:0,(anonymous_7)
FNDA:0,(anonymous_8)
FNDA:0,(anonymous_9)
FNDA:0,(anonymous_10)
FNDA:0,(anonymous_11)
FNDA:0,(anonymous_12)
FNDA:0,(anonymous_13)
FNDA:0,(anonymous_14)
DA:5,0
DA:6,0
DA:7,0
DA:8,0
DA:9,0
DA:10,0
DA:12,0
DA:13,0
DA:14,0
DA:17,0
DA:18,0
DA:20,0
DA:21,0
DA:22,0
DA:25,0
DA:26,0
DA:27,0
DA:28,0
DA:29,0
DA:31,0
DA:32,0
DA:33,0
DA:34,0
DA:35,0
DA:36,0
DA:37,0
DA:38,0
DA:39,0
DA:40,0
DA:41,0
DA:42,0
DA:43,0
DA:44,0
DA:46,0
DA:47,0
DA:48,0
DA:51,0
DA:53,0
DA:56,0
DA:58,0
DA:60,0
DA:61,0
DA:64,0
DA:65,0
DA:67,0
DA:69,0
DA:70,0
DA:73,0
DA:75,0
DA:76,0
DA:80,0
DA:81,0
DA:82,0
DA:85,0
DA:86,0
DA:87,0
DA:90,0
DA:91,0
DA:92,0
DA:94,0
DA:95,0
DA:96,0
DA:97,0
DA:98,0
DA:104,0
DA:105,0
DA:106,0
DA:112,0
DA:113,0
DA:124,0
DA:139,0
DA:150,0
DA:168,0
LF:73
LH:0
BRDA:5,0,0,0
BRDA:14,1,0,0
BRDA:14,1,1,0
BRDA:34,2,0,0
BRDA:34,2,1,0
BRDA:35,3,0,0
BRDA:35,3,1,0
BRDA:47,4,0,0
BRDA:47,4,1,0
BRDA:60,5,0,0
BRDA:60,5,1,0
BRDA:95,6,0,0
BRDA:95,6,1,0
BRDA:97,7,0,0
BRDA:97,7,1,0
BRDA:105,8,0,0
BRDA:105,8,1,0
BRDA:105,9,0,0
BRDA:105,9,1,0
BRDA:112,10,0,0
BRDA:112,10,1,0
BRDA:154,11,0,0
BRDA:154,11,1,0
BRDA:161,12,0,0
BRDA:161,12,1,0
BRF:25
BRH:0
end_of_record
TN:
SF:src/client/components/TextInput.jsx
FN:5,(anonymous_0)
FN:13,(anonymous_1)
FN:19,(anonymous_2)
FN:25,(anonymous_3)
FN:41,(anonymous_4)
FN:48,(anonymous_5)
FN:66,(anonymous_6)
FN:86,(anonymous_7)
FNF:8
FNH:0
FNDA:0,(anonymous_0)
FNDA:0,(anonymous_1)
FNDA:0,(anonymous_2)
FNDA:0,(anonymous_3)
FNDA:0,(anonymous_4)
FNDA:0,(anonymous_5)
FNDA:0,(anonymous_6)
FNDA:0,(anonymous_7)
DA:5,0
DA:6,0
DA:7,0
DA:8,0
DA:9,0
DA:10,0
DA:11,0
DA:13,0
DA:14,0
DA:15,0
DA:19,0
DA:20,0
DA:21,0
DA:25,0
DA:26,0
DA:27,0
DA:30,0
DA:32,0
DA:33,0
DA:35,0
DA:36,0
DA:39,0
DA:41,0
DA:42,0
DA:45,0
DA:48,0
DA:49,0
DA:50,0
DA:51,0
DA:52,0
DA:55,0
DA:56,0
DA:57,0
DA:58,0
DA:60,0
DA:62,0
DA:66,0
DA:67,0
DA:68,0
DA:69,0
DA:70,0
DA:74,0
DA:76,0
DA:86,0
LF:44
LH:0
BRDA:11,0,0,0
BRDA:11,0,1,0
BRDA:14,1,0,0
BRDA:14,1,1,0
BRDA:14,2,0,0
BRDA:14,2,1,0
BRDA:20,3,0,0
BRDA:20,3,1,0
BRDA:26,4,0,0
BRDA:26,4,1,0
BRDA:26,5,0,0
BRDA:26,5,1,0
BRDA:32,6,0,0
BRDA:32,6,1,0
BRDA:35,7,0,0
BRDA:35,7,1,0
BRDA:41,8,0,0
BRDA:41,8,1,0
BRDA:50,9,0,0
BRDA:50,9,1,0
BRDA:60,10,0,0
BRDA:60,10,1,0
BRDA:67,11,0,0
BRDA:67,11,1,0
BRDA:74,12,0,0
BRDA:74,12,1,0
BRDA:84,13,0,0
BRDA:84,13,1,0
BRDA:88,14,0,0
BRDA:88,14,1,0
BRDA:90,15,0,0
BRDA:90,15,1,0
BRDA:90,15,2,0
BRDA:94,16,0,0
BRDA:94,16,1,0
BRDA:106,17,0,0
BRDA:106,17,1,0
BRF:37
BRH:0
end_of_record
TN:
SF:src/client/components/camera-handler.js
FN:11,(anonymous_0)
FN:12,(anonymous_1)
FN:13,(anonymous_2)
FNF:3
FNH:0
FNDA:0,(anonymous_0)
FNDA:0,(anonymous_1)
FNDA:0,(anonymous_2)
DA:5,0
DA:11,0
DA:12,0
DA:13,0
LF:4
LH:0
BRF:0
BRH:0
end_of_record
TN:
SF:src/client/components/camera.js
FN:11,(anonymous_0)
FN:12,(anonymous_1)
FN:13,(anonymous_2)
FNF:3
FNH:0
FNDA:0,(anonymous_0)
FNDA:0,(anonymous_1)
FNDA:0,(anonymous_2)
DA:5,0
DA:11,0
DA:12,0
DA:13,0
LF:4
LH:0
BRF:0
BRH:0
end_of_record
TN:
SF:src/client/components/ui-utils.js
FNF:0
FNH:0
LF:0
LH:0
BRF:0
BRH:0
end_of_record
TN:
SF:src/client/config/app-config.js
FNF:0
FNH:0
DA:4,0
LF:1
LH:0
BRDA:6,0,0,0
BRDA:6,0,1,0
BRF:2
BRH:0
end_of_record
TN:
SF:src/client/config/validation-patterns.js
FN:18,(anonymous_0)
FN:34,(anonymous_1)
FN:53,(anonymous_2)
FN:76,(anonymous_3)
FNF:4
FNH:0
FNDA:0,(anonymous_0)
FNDA:0,(anonymous_1)
FNDA:0,(anonymous_2)
FNDA:0,(anonymous_3)
DA:2,0
DA:9,0
DA:18,0
DA:19,0
DA:20,0
DA:23,0
DA:25,0
DA:26,0
DA:28,0
DA:29,0
DA:33,0
DA:34,0
DA:35,0
DA:39,0
DA:40,0
DA:41,0
DA:45,0
DA:46,0
DA:49,0
DA:53,0
DA:54,0
DA:55,0
DA:57,0
DA:60,0
DA:61,0
DA:65,0
DA:66,0
DA:70,0
DA:71,0
DA:75,0
DA:76,0
DA:77,0
DA:81,0
DA:83,0
DA:85,0
LF:35
LH:0
BRDA:19,0,0,0
BRDA:19,0,1,0
BRDA:19,1,0,0
BRDA:19,1,1,0
BRDA:25,2,0,0
BRDA:25,2,1,0
BRDA:28,3,0,0
BRDA:28,3,1,0
BRDA:34,4,0,0
BRDA:34,4,1,0
BRDA:40,5,0,0
BRDA:40,5,1,0
BRDA:40,6,0,0
BRDA:40,6,1,0
BRDA:40,6,2,0
BRDA:45,7,0,0
BRDA:45,7,1,0
BRDA:45,8,0,0
BRDA:45,8,1,0
BRDA:60,9,0,0
BRDA:60,9,1,0
BRDA:65,10,0,0
BRDA:65,10,1,0
BRDA:70,11,0,0
BRDA:70,11,1,0
BRDA:76,12,0,0
BRDA:76,12,1,0
BRF:27
BRH:0
end_of_record
TN:
SF:src/client/dist/bundle.js
FN:1,(anonymous_0)
FN:8,(anonymous_1)
FN:8,__require
FN:11,(anonymous_3)
FN:15,(anonymous_4)
FN:19,(anonymous_5)
FN:30,(anonymous_6)
FN:45,getIteratorFn
FN:51,(anonymous_8)
FN:54,(anonymous_9)
FN:56,(anonymous_10)
FN:58,(anonymous_11)
FN:63,Component
FN:70,(anonymous_13)
FN:77,(anonymous_14)
FN:80,ComponentDummy
FN:83,PureComponent
FN:94,noop
FN:98,ReactElement
FN:108,cloneAndReplaceKey
FN:111,isValidElement
FN:114,escape
FN:116,(anonymous_22)
FN:121,getElementKey
FN:124,resolveThenable
FN:132,(anonymous_25)
FN:135,(anonymous_26)
FN:147,mapIntoArray
FN:176,(anonymous_28)
FN:221,mapChildren
FN:224,(anonymous_30)
FN:229,lazyInitializer
FN:234,(anonymous_32)
FN:238,(anonymous_33)
FN:248,(anonymous_34)
FN:265,(anonymous_35)
FN:268,(anonymous_36)
FN:274,(anonymous_37)
FN:276,(anonymous_38)
FN:281,(anonymous_39)
FN:282,(anonymous_40)
FN:286,(anonymous_41)
FN:305,(anonymous_42)
FN:309,(anonymous_43)
FN:310,(anonymous_44)
FN:314,(anonymous_45)
FN:317,(anonymous_46)
FN:335,(anonymous_47)
FN:351,(anonymous_48)
FN:368,(anonymous_49)
FN:371,(anonymous_50)
FN:375,(anonymous_51)
FN:382,(anonymous_52)
FN:389,(anonymous_53)
FN:402,(anonymous_54)
FN:405,(anonymous_55)
FN:408,(anonymous_56)
FN:411,(anonymous_57)
FN:414,(anonymous_58)
FN:417,(anonymous_59)
FN:419,(anonymous_60)
FN:422,(anonymous_61)
FN:425,(anonymous_62)
FN:428,(anonymous_63)
FN:431,(anonymous_64)
FN:434,(anonymous_65)
FN:437,(anonymous_66)
FN:440,(anonymous_67)
FN:443,(anonymous_68)
FN:446,(anonymous_69)
FN:449,(anonymous_70)
FN:452,(anonymous_71)
FN:455,(anonymous_72)
FN:462,(anonymous_73)
FN:471,(anonymous_74)
FN:483,(anonymous_75)
FN:485,push
FN:495,peek
FN:498,pop
FN:514,compare
FN:521,(anonymous_80)
FN:526,(anonymous_81)
FN:545,advanceTimers
FN:554,handleTimeout
FN:569,shouldYieldToHost
FN:572,performWorkUntilDeadline
FN:630,(anonymous_86)
FN:636,(anonymous_87)
FN:640,(anonymous_88)
FN:645,requestHostTimeout
FN:646,(anonymous_90)
FN:656,(anonymous_91)
FN:659,(anonymous_92)
FN:664,(anonymous_93)
FN:667,(anonymous_94)
FN:685,(anonymous_95)
FN:688,(anonymous_96)
FN:707,(anonymous_97)
FN:739,(anonymous_98)
FN:741,(anonymous_99)
FN:756,(anonymous_100)
FN:768,(anonymous_101)
FN:771,formatProdErrorMessage
FN:780,noop
FN:785,(anonymous_104)
FN:800,createPortal$1
FN:811,getCrossOriginStringAs
FN:817,(anonymous_107)
FN:823,(anonymous_108)
FN:831,(anonymous_109)
FN:834,(anonymous_110)
FN:837,(anonymous_111)
FN:856,(anonymous_112)
FN:872,(anonymous_113)
FN:888,(anonymous_114)
FN:899,(anonymous_115)
FN:902,(anonymous_116)
FN:905,(anonymous_117)
FN:908,(anonymous_118)
FN:917,(anonymous_119)
FN:919,checkDCE
FN:943,(anonymous_121)
FN:948,formatProdErrorMessage
FN:957,isValidContainer
FN:960,getNearestMountedFiber
FN:971,getSuspenseInstanceFromFiber
FN:979,getActivityInstanceFromFiber
FN:987,assertIsMounted
FN:991,findCurrentFiberUsingSlowPath
FN:1059,findCurrentHostFiberImpl
FN:1090,getIteratorFn
FN:1096,getComponentNameFromType
FN:1151,createCursor
FN:1154,pop
FN:1157,push
FN:1166,pushHostContainer
FN:1193,popHostContainer
FN:1198,pushHostContext
FN:1204,popHostContext
FN:1210,describeBuiltInComponentFrame
FN:1222,describeNativeComponentFrame
FN:1229,(anonymous_141)
FN:1232,(anonymous_142)
FN:1236,(anonymous_143)
FN:1261,(anonymous_144)
FN:1312,describeFiber
FN:1337,getStackByFiberInDevAndProd
FN:1364,setIsStrictModeForDevtools
FN:1375,clz32Fallback
FN:1382,getHighestPriorityLanes
FN:1437,getNextLanes
FN:1446,checkIfRootIsPrerendering
FN:1449,computeExpirationTime
FN:1490,claimNextRetryLane
FN:1496,createLaneMap
FN:1500,markRootUpdated$1
FN:1504,markRootFinished
FN:1530,markSpawnedDeferredLane
FN:1537,markRootEntangled
FN:1545,getBumpedLaneForHydration
FN:1550,getBumpedLaneForHydrationByLane
FN:1589,lanesToEventPriority
FN:1593,resolveUpdatePriority
FN:1599,runWithPriority
FN:1616,detachDeletedInstance
FN:1623,getClosestInstanceFromNode
FN:1641,getInstanceFromNode
FN:1649,getNodeFromInstance
FN:1654,getResourcesFromRoot
FN:1659,markNodeAsHoistable
FN:1664,registerTwoPhaseEvent
FN:1668,registerDirectEvent
FN:1678,isAttributeNameSafe
FN:1687,setValueForAttribute
FN:1707,setValueForKnownAttribute
FN:1721,setValueForNamespacedAttribute
FN:1735,getToStringValue
FN:1749,isCheckable
FN:1753,trackValueOnNode
FN:1762,(anonymous_179)
FN:1765,(anonymous_180)
FN:1774,(anonymous_181)
FN:1777,(anonymous_182)
FN:1780,(anonymous_183)
FN:1787,track
FN:1797,updateValueIfChanged
FN:1807,getActiveElement
FN:1817,escapeSelectorAttributeValueInsideDoubleQuotes
FN:1820,(anonymous_188)
FN:1825,updateInput
FN:1841,initInput
FN:1860,setDefaultValue
FN:1863,updateOptions
FN:1885,updateTextarea
FN:1892,initTextarea
FN:1911,setTextContent
FN:1926,setValueForStyle
FN:1930,setValueForStyles
FN:1943,isCustomElement
FN:2040,sanitizeURL
FN:2043,noop$1
FN:2046,getEventTarget
FN:2053,restoreStateOfTarget
FN:2107,batchedUpdates$1
FN:2120,getListener
FN:2157,(anonymous_205)
FN:2170,getData
FN:2178,getEventCharCode
FN:2184,functionThatReturnsTrue
FN:2187,functionThatReturnsFalse
FN:2190,createSyntheticEvent
FN:2191,SyntheticBaseEvent
FN:2205,(anonymous_212)
FN:2210,(anonymous_213)
FN:2214,(anonymous_214)
FN:2224,(anonymous_215)
FN:2250,(anonymous_216)
FN:2253,(anonymous_217)
FN:2258,(anonymous_218)
FN:2274,(anonymous_219)
FN:2339,modifierStateGetter
FN:2343,getEventModifierState
FN:2347,(anonymous_222)
FN:2363,(anonymous_223)
FN:2366,(anonymous_224)
FN:2369,(anonymous_225)
FN:2405,(anonymous_226)
FN:2408,(anonymous_227)
FN:2428,isFallbackCompositionEnd
FN:2442,getDataFromCustomEvent
FN:2447,getNativeBeforeInputChars
FN:2461,getFallbackBeforeInputChars
FN:2497,isTextInputElement
FN:2501,createAndAccumulateChangeEvent
FN:2514,runEventInBatch
FN:2517,getInstIfValueChanged
FN:2521,getTargetInstForChangeEvent
FN:2540,stopWatchingForValueChange
FN:2543,handlePropertyChange
FN:2555,handleEventsForInputEventPolyfill
FN:2558,getTargetInstForInputEventPolyfill
FN:2562,getTargetInstForClickEvent
FN:2565,getTargetInstForInputOrChangeEvent
FN:2569,is
FN:2573,shallowEqual
FN:2586,getLeafNode
FN:2590,getNodeForCharacterOffset
FN:2613,containsNode
FN:2616,getActiveElementDeep
FN:2630,hasSelectionCapabilities
FN:2639,constructSelectEvent
FN:2654,makePrefixMap
FN:2673,getVendorPrefixedEventName
FN:2694,registerSimpleEvent
FN:2698,(anonymous_254)
FN:2716,finishQueueingConcurrentUpdates
FN:2734,enqueueUpdate$1
FN:2744,enqueueConcurrentHookUpdate
FN:2748,enqueueConcurrentRenderForLane
FN:2752,markUpdateLaneFromFiberToRoot
FN:2760,getRootForUpdatedFiber
FN:2768,FiberNode
FN:2782,createFiberImplClass
FN:2785,shouldConstruct
FN:2789,createWorkInProgress
FN:2812,resetWorkInProgress
FN:2821,createFiberFromTypeAndProps
FN:2879,createFiberFromFragment
FN:2884,createFiberFromText
FN:2889,createFiberFromDehydratedFragment
FN:2894,createFiberFromPortal
FN:2910,createCapturedValueAtFiber
FN:2937,pushTreeFork
FN:2943,pushTreeId
FN:2964,pushMaterializedTreeId
FN:2967,popTreeContext
FN:2973,restoreSuspendedTreeContext
FN:2987,throwOnHydrationMismatch
FN:2998,prepareToHydrateHostInstance
FN:3052,popToNextHostParent
FN:3068,popHydrationState
FN:3093,resetHydrationState
FN:3097,upgradeHydrationErrorsToRecoverable
FN:3105,queueHydrationError
FN:3111,pushProvider
FN:3115,popProvider
FN:3119,scheduleContextWorkOnParentPath
FN:3127,propagateContextChanges
FN:3180,propagateParentContextChanges
FN:3210,checkIfContextChanged
FN:3221,prepareToReadContext
FN:3227,readContext
FN:3230,readContextDuringReconciliation
FN:3234,readContextForConsumer
FN:3245,(anonymous_294)
FN:3248,(anonymous_295)
FN:3252,(anonymous_296)
FN:3254,(anonymous_297)
FN:3269,createCache
FN:3276,releaseCache
FN:3278,(anonymous_300)
FN:3286,entangleAsyncAction
FN:3294,(anonymous_302)
FN:3303,pingEngtangledActionScope
FN:3313,chainThenableValue
FN:3318,(anonymous_305)
FN:3323,(anonymous_306)
FN:3328,(anonymous_307)
FN:3338,(anonymous_308)
FN:3344,peekCacheFromPool
FN:3348,pushTransition
FN:3351,getSuspendedCache
FN:3358,(anonymous_312)
FN:3360,isThenableResolved
FN:3364,trackUsedThenable
FN:3381,(anonymous_315)
FN:3388,(anonymous_316)
FN:3407,resolveLazy
FN:3418,getSuspendedThenable
FN:3424,checkIfUseWrappedInAsyncCatch
FN:3430,unwrapThenable
FN:3436,coerceRef
FN:3440,throwOnInvalidObjectTypeImpl
FN:3451,createChildReconciler
FN:3452,deleteChild
FN:3458,deleteRemainingChildren
FN:3464,mapRemainingChildren
FN:3469,useFiber
FN:3475,placeChild
FN:3485,placeSingleChild
FN:3489,updateTextNode
FN:3496,updateElement
FN:3520,updatePortal
FN:3527,updateFragment
FN:3539,createChild
FN:3585,updateSlot
FN:3618,updateFromMap
FN:3662,reconcileChildrenArray
FN:3707,(anonymous_338)
FN:3713,reconcileChildrenIterator
FN:3738,(anonymous_340)
FN:3744,reconcileChildFibersImpl
FN:3867,(anonymous_342)
FN:3891,initializeUpdateQueue
FN:3900,cloneUpdateQueue
FN:3910,createUpdate
FN:3913,enqueueUpdate
FN:3928,entangleTransitions
FN:3938,enqueueCapturedUpdate
FN:3972,suspendIfUpdateReadFromEntangledAsyncAction
FN:3978,processUpdateQueue
FN:4060,callCallback
FN:4065,commitCallbacks
FN:4073,pushHiddenContext
FN:4079,reuseHiddenContextOnStack
FN:4083,popHiddenContext
FN:4090,pushPrimaryTreeSuspenseHandler
FN:4096,pushDehydratedActivitySuspenseHandler
FN:4101,pushOffscreenSuspenseHandler
FN:4104,reuseSuspenseHandlerOnStack
FN:4108,popSuspenseHandler
FN:4114,findFirstSuspended
FN:4148,throwInvalidHookError
FN:4151,areHookInputsEqual
FN:4157,renderWithHooks
FN:4176,finishRenderingHooks
FN:4187,renderWithHooksAgain
FN:4209,TransitionAwareHostComponent
FN:4216,checkDidRenderIdHook
FN:4221,bailoutHooks
FN:4226,resetHooksOnUnwind
FN:4241,mountWorkInProgressHook
FN:4252,updateWorkInProgressHook
FN:4278,createFunctionComponentUpdateQueue
FN:4281,useThenable
FN:4290,use
FN:4297,useMemoCache
FN:4303,(anonymous_377)
FN:4319,basicStateReducer
FN:4322,updateReducer
FN:4326,updateReducerImpl
FN:4399,rerenderReducer
FN:4417,updateSyncExternalStore
FN:4451,pushStoreConsistencyCheck
FN:4457,updateStoreInstance
FN:4462,subscribeToStore
FN:4463,(anonymous_386)
FN:4467,checkIfSnapshotChanged
FN:4477,forceStoreRerender
FN:4481,mountStateImpl
FN:4505,updateOptimisticImpl
FN:4513,dispatchActionState
FN:4526,(anonymous_392)
FN:4536,runActionStateAction
FN:4557,handleActionReturnValue
FN:4559,(anonymous_395)
FN:4562,(anonymous_396)
FN:4567,onActionSuccess
FN:4575,onActionError
FN:4586,notifyActionListeners
FN:4590,actionStateReducer
FN:4593,mountActionState
FN:4676,updateActionState
FN:4680,updateActionStateImpl
FN:4705,actionStateActionEffect
FN:4708,rerenderActionState
FN:4719,pushSimpleEffect
FN:4727,updateRef
FN:4730,mountEffectImpl
FN:4740,updateEffectImpl
FN:4751,mountEffect
FN:4754,updateEffect
FN:4757,useEffectEventImpl
FN:4767,updateEvent
FN:4770,(anonymous_414)
FN:4775,updateInsertionEffect
FN:4778,updateLayoutEffect
FN:4781,imperativeHandleEffect
FN:4785,(anonymous_418)
FN:4790,(anonymous_419)
FN:4794,updateImperativeHandle
FN:4798,mountDebugValue
FN:4800,updateCallback
FN:4809,updateMemo
FN:4827,mountDeferredValueImpl
FN:4836,updateDeferredValueImpl
FN:4847,startTransition
FN:4878,(anonymous_427)
FN:4886,noop
FN:4888,startHostTransition
FN:4896,(anonymous_430)
FN:4902,ensureFormComponentIsStateful
FN:4937,requestFormReset$1
FN:4947,useHostTransitionStatus
FN:4950,updateId
FN:4953,updateRefresh
FN:4956,refreshCache
FN:4972,dispatchReducerAction
FN:4985,dispatchSetState
FN:4989,dispatchSetStateInternal
FN:5018,dispatchOptimisticSetState
FN:5038,isRenderPhaseUpdate
FN:5042,enqueueRenderPhaseUpdate
FN:5048,entangleTransitionUpdate
FN:5086,(anonymous_444)
FN:5095,(anonymous_445)
FN:5104,(anonymous_446)
FN:5107,(anonymous_447)
FN:5110,(anonymous_448)
FN:5125,(anonymous_449)
FN:5154,(anonymous_450)
FN:5159,(anonymous_451)
FN:5166,(anonymous_452)
FN:5170,(anonymous_453)
FN:5182,(anonymous_454)
FN:5215,(anonymous_455)
FN:5232,(anonymous_456)
FN:5253,(anonymous_457)
FN:5259,(anonymous_458)
FN:5262,(anonymous_459)
FN:5281,(anonymous_460)
FN:5285,(anonymous_461)
FN:5294,(anonymous_462)
FN:5306,(anonymous_463)
FN:5326,(anonymous_464)
FN:5330,(anonymous_465)
FN:5339,(anonymous_466)
FN:5351,(anonymous_467)
FN:5362,applyDerivedStateFromProps
FN:5370,(anonymous_469)
FN:5378,(anonymous_470)
FN:5387,(anonymous_471)
FN:5396,checkShouldComponentUpdate
FN:5400,callComponentWillReceiveProps
FN:5406,resolveClassComponentProps
FN:5420,defaultOnUncaughtError
FN:5423,defaultOnCaughtError
FN:5426,defaultOnRecoverableError
FN:5429,logUncaughtError
FN:5434,(anonymous_479)
FN:5439,logCaughtError
FN:5447,(anonymous_481)
FN:5452,createRootErrorUpdate
FN:5456,(anonymous_483)
FN:5461,createClassErrorUpdate
FN:5466,initializeClassErrorUpdate
FN:5470,(anonymous_486)
FN:5473,(anonymous_487)
FN:5478,(anonymous_488)
FN:5487,throwException
FN:5552,reconcileChildren
FN:5560,updateForwardRef
FN:5585,updateMemoComponent
FN:5622,updateSimpleMemoComponent
FN:5639,updateOffscreenComponent
FN:5682,bailoutOffscreenComponent
FN:5691,deferHiddenOffscreenComponent
FN:5705,mountActivityChildren
FN:5715,retryActivityComponentWithoutHydrating
FN:5723,updateActivityComponent
FN:5783,markRef
FN:5794,updateFunctionComponent
FN:5812,replayFunctionComponent
FN:5830,updateClassComponent
FN:5957,mountHostRootWithoutHydrating
FN:5969,mountSuspenseOffscreenState
FN:5972,getRemainingWorkInPrimaryTree
FN:5977,updateSuspenseComponent
FN:6109,mountSuspensePrimaryChildren
FN:6117,mountWorkInProgressOffscreenFiber
FN:6122,retrySuspenseComponentWithoutHydrating
FN:6132,scheduleSuspenseWorkOnFiber
FN:6138,initSuspenseListRenderState
FN:6150,updateSuspenseListComponent
FN:6233,bailoutOnAlreadyFinishedWork
FN:6258,checkScheduledUpdateOrContext
FN:6263,attemptEarlyBailoutIfNoScheduledUpdate
FN:6340,beginWork
FN:6665,markUpdate
FN:6668,preloadInstanceAndSuspendIfNeeded
FN:6678,preloadResourceAndSuspendIfNeeded
FN:6686,scheduleRetryEffect
FN:6690,cutOffTailIfNeeded
FN:6706,bubbleProperties
FN:6718,completeWork
FN:7043,unwindWork
FN:7090,unwindInterruptedWork
FN:7127,commitHookEffectListMount
FN:7147,commitHookEffectListUnmount
FN:7178,commitClassCallbacks
FN:7189,safelyCallComponentWillUnmount
FN:7201,safelyAttachRef
FN:7223,safelyDetachRef
FN:7242,commitHostMount
FN:7259,commitHostUpdate
FN:7268,isHostParent
FN:7271,getHostSibling
FN:7287,insertOrAppendPlacementNodeIntoContainer
FN:7295,insertOrAppendPlacementNode
FN:7303,commitHostSingletonAcquisition
FN:7320,commitBeforeMutationEffects
FN:7449,commitLayoutEffectOnFiber
FN:7555,detachFiberAfterEffects
FN:7573,recursivelyTraverseDeletionEffects
FN:7577,commitDeletionEffectsOnFiber
FN:7708,commitActivityHydrationCallbacks
FN:7718,commitSuspenseHydrationCallbacks
FN:7726,getRetryCache
FN:7740,attachSuspenseRetryListeners
FN:7742,(anonymous_549)
FN:7750,recursivelyTraverseMutationEffects
FN:7789,commitMutationEffectsOnFiber
FN:8061,commitReconciliationEffects
FN:8103,recursivelyResetForms
FN:8112,recursivelyTraverseLayoutEffects
FN:8117,recursivelyTraverseDisappearLayoutEffects
FN:8157,recursivelyTraverseReappearLayoutEffects
FN:8257,commitOffscreenPassiveMountEffects
FN:8264,commitCachePassiveMountEffect
FN:8270,recursivelyTraversePassiveMountEffects
FN:8280,commitPassiveMountOnFiber
FN:8397,recursivelyTraverseReconnectPassiveEffects
FN:8461,recursivelyTraverseAtomicPassiveEffects
FN:8484,recursivelyAccumulateSuspenseyCommit
FN:8493,accumulateSuspenseyCommitOnFiber
FN:8545,detachAlternateSiblings
FN:8554,recursivelyTraversePassiveUnmountEffects
FN:8572,commitPassiveUnmountOnFiber
FN:8594,recursivelyTraverseDisconnectPassiveEffects
FN:8627,commitPassiveUnmountEffectsInsideOfDeletedTree_begin
FN:8667,(anonymous_570)
FN:8672,(anonymous_571)
FN:8710,requestUpdateLane
FN:8713,requestDeferredLane
FN:8725,scheduleUpdateOnFiber
FN:8742,performWorkOnRoot
FN:8878,commitRootWhenReady
FN:8939,isRenderConsistentWithExternalStores
FN:8967,markRootSuspended
FN:8981,flushSyncWork$1
FN:8984,resetWorkInProgressStack
FN:8995,prepareFreshStack
FN:9025,handleThrow
FN:9035,shouldRemainOnPreviousScreen
FN:9039,pushDispatcher
FN:9044,pushAsyncDispatcher
FN:9049,renderDidSuspendDelayIfPossible
FN:9059,renderRootSync
FN:9109,workLoopSync
FN:9112,renderRootConcurrent
FN:9139,(anonymous_590)
FN:9207,workLoopConcurrentByScheduler
FN:9211,performUnitOfWork
FN:9216,replaySuspendedUnitOfWork
FN:9249,throwAndUnwindWorkLoop
FN:9290,completeUnitOfWork
FN:9319,unwindUnitOfWork
FN:9338,commitRoot
FN:9363,(anonymous_598)
FN:9387,flushMutationEffects
FN:9458,flushLayoutEffects
FN:9478,flushSpawnedWork
FN:9521,releaseRootPooledCache
FN:9524,flushPendingEffects
FN:9530,flushPassiveEffects
FN:9566,captureCommitPhaseErrorOnRoot
FN:9572,captureCommitPhaseError
FN:9602,attachPingListener
FN:9612,pingSuspendedRoot
FN:9620,retryTimedOutBoundary
FN:9625,retryDehydratedSuspenseBoundary
FN:9630,resolveRetryWakeable
FN:9651,scheduleCallback$1
FN:9660,ensureRootIsScheduled
FN:9665,flushSyncWorkAcrossRoots_impl
FN:9694,processRootScheduleInImmediateTask
FN:9697,processRootScheduleInMicrotask
FN:9712,scheduleTaskForRootDuringMicrotask
FN:9760,performWorkOnRootViaSchedulerTask
FN:9777,performSyncWorkOnRoot
FN:9781,scheduleImmediateRootScheduleTask
FN:9782,(anonymous_621)
FN:9789,requestTransitionLane
FN:9797,coerceFormActionProp
FN:9800,createFormDataWithSubmitter
FN:9810,extractEvents$1
FN:9828,(anonymous_626)
FN:9922,processDispatchQueue
FN:9966,listenToNonDelegatedEvent
FN:9972,listenToNativeEvent
FN:9983,listenToAllSupportedEvents
FN:9986,(anonymous_631)
FN:9993,addTrappedEventListener
FN:10019,dispatchEventForPluginEventSystem
FN:10048,(anonymous_634)
FN:10335,createDispatchListener
FN:10342,accumulateTwoPhaseListeners
FN:10356,getParent
FN:10363,accumulateEnterLeaveListenersForEvent
FN:10379,normalizeMarkupForTextOrAttribute
FN:10382,checkForUnmatchedText
FN:10386,setProp
FN:10647,setPropOnCustomElement
FN:10695,setInitialProperties
FN:10897,updateProperties
FN:11148,isLikelyStaticResource
FN:11162,estimateBandwidth
FN:11187,getOwnerDocumentFromRootContainer
FN:11190,getOwnHostContext
FN:11200,getChildHostContextProd
FN:11212,shouldSetTextContent
FN:11216,shouldAttemptEagerTransition
FN:11229,(anonymous_652)
FN:11232,handleErrorInNextTick
FN:11233,(anonymous_654)
FN:11237,isSingletonScope
FN:11240,clearHydrationBoundary
FN:11271,hideOrUnhideDehydratedBoundary
FN:11286,clearContainerSparingly
FN:11308,canHydrateInstance
FN:11348,canHydrateTextInstance
FN:11358,canHydrateHydrationBoundary
FN:11367,isSuspenseInstancePending
FN:11370,isSuspenseInstanceFallback
FN:11373,registerSuspenseInstanceRetry
FN:11379,(anonymous_665)
FN:11387,getNextHydratable
FN:11401,getNextHydratableInstanceAfterHydrationBoundary
FN:11417,getParentHydrationBoundary
FN:11431,resolveSingletonInstance
FN:11450,releaseSingletonInstance
FN:11457,getHoistableRoot
FN:11472,flushSyncWork
FN:11476,requestFormReset
FN:11481,preconnectAs
FN:11490,prefetchDNS
FN:11494,preconnect
FN:11498,preload
FN:11526,preloadModule
FN:11558,preinitStyle
FN:11580,(anonymous_680)
FN:11584,(anonymous_681)
FN:11587,(anonymous_682)
FN:11603,preinitScript
FN:11616,preinitModuleScript
FN:11629,getResource
FN:11693,getStyleKey
FN:11696,getStylesheetSelectorFromKey
FN:11699,stylesheetPropsFromRawProps
FN:11705,preloadStylesheet
FN:11706,(anonymous_690)
FN:11708,(anonymous_691)
FN:11712,getScriptKey
FN:11715,getScriptSelectorFromKey
FN:11718,acquireResource
FN:11753,(anonymous_695)
FN:11785,insertStylesheet
FN:11795,adoptPreloadPropsForStylesheet
FN:11800,adoptPreloadPropsForScript
FN:11806,getHydratableHoistableCache
FN:11827,mountHoistable
FN:11834,isHostHoistableType
FN:11859,preloadResource
FN:11862,suspendResource
FN:11882,(anonymous_704)
FN:11895,waitForCommitToBeReady
FN:11897,(anonymous_706)
FN:11898,(anonymous_707)
FN:11908,(anonymous_708)
FN:11919,(anonymous_709)
FN:11926,onUnsuspend
FN:11938,insertSuspendedStylesheets
FN:11942,insertStylesheetIntoRoot
FN:11979,FiberRootNode
FN:11999,createFiberRoot
FN:12028,getContextForSubtree
FN:12033,updateContainerImpl
FN:12043,markRetryLaneImpl
FN:12050,markRetryLaneIfNotHydrated
FN:12054,attemptContinuousHydration
FN:12061,attemptHydrationAtCurrentPriority
FN:12071,dispatchDiscreteEvent
FN:12081,dispatchContinuousEvent
FN:12091,dispatchEvent
FN:12158,findInstanceBlockingEvent
FN:12163,findInstanceBlockingTarget
FN:12189,getEventPriority
FN:12292,clearIfContinuousEvent
FN:12315,accumulateOrCreateContinuousQueuedReplayableEvent
FN:12329,queueIfContinuousEvent
FN:12387,attemptExplicitHydrationTarget
FN:12395,(anonymous_731)
FN:12403,(anonymous_732)
FN:12416,attemptReplayContinuousQueuedEvent
FN:12435,attemptReplayContinuousQueuedEventInMap
FN:12438,replayUnblockedEvents
FN:12446,scheduleCallbackIfUnblocked
FN:12453,scheduleReplayQueueIfNeeded
FN:12456,(anonymous_738)
FN:12480,retryIfBlockedOn
FN:12481,unblock
FN:12515,defaultOnDefaultTransitionIndicator
FN:12516,handleNavigate
FN:12518,(anonymous_743)
FN:12519,(anonymous_744)
FN:12527,handleNavigateComplete
FN:12531,startFakeNavigation
FN:12547,(anonymous_747)
FN:12556,ReactDOMRoot
FN:12559,(anonymous_749)
FN:12565,(anonymous_750)
FN:12575,ReactDOMHydrationRoot
FN:12578,(anonymous_752)
FN:12596,(anonymous_753)
FN:12627,(anonymous_754)
FN:12649,(anonymous_755)
FN:12688,(anonymous_756)
FN:12690,checkDCE
FN:12721,(anonymous_758)
FN:12728,(anonymous_759)
FN:12733,(anonymous_760)
FN:12749,(anonymous_761)
FN:12753,(anonymous_762)
FN:12764,(anonymous_763)
FN:12810,(anonymous_764)
FN:12832,(anonymous_765)
FN:12861,(anonymous_766)
FN:12876,(anonymous_767)
FN:12881,(anonymous_768)
FN:12906,(anonymous_769)
FN:12924,(anonymous_770)
FN:12937,(anonymous_771)
FN:12940,(anonymous_772)
FN:12944,(anonymous_773)
FN:13015,(anonymous_774)
FN:13016,(anonymous_775)
FN:13042,(anonymous_776)
FN:13045,(anonymous_777)
FN:13048,(anonymous_778)
FN:13054,(anonymous_779)
FN:13055,(anonymous_780)
FN:13056,(anonymous_781)
FN:13057,(anonymous_782)
FN:13058,(anonymous_783)
FN:13059,(anonymous_784)
FN:13096,createKeyboardHandler
FN:13098,(anonymous_786)
FN:13152,(anonymous_787)
FN:13155,(anonymous_788)
FN:13162,(anonymous_789)
FN:13167,(anonymous_790)
FN:13172,(anonymous_791)
FN:13183,(anonymous_792)
FN:13200,(anonymous_793)
FN:13215,(anonymous_794)
FN:13217,(anonymous_795)
FN:13237,(anonymous_796)
FN:13246,(anonymous_797)
FN:13255,(anonymous_798)
FN:13262,(anonymous_799)
FN:13272,(anonymous_800)
FN:13274,(anonymous_801)
FN:13276,(anonymous_802)
FN:13286,(anonymous_803)
FN:13298,(anonymous_804)
FN:13306,(anonymous_805)
FN:13372,(anonymous_806)
FN:13419,(anonymous_807)
FN:13421,(anonymous_808)
FN:13468,(anonymous_809)
FN:13474,(anonymous_810)
FN:13486,(anonymous_811)
FN:13490,(anonymous_812)
FN:13518,(anonymous_813)
FN:13520,(anonymous_814)
FN:13524,(anonymous_815)
FN:13524,(anonymous_816)
FN:13538,(anonymous_817)
FN:13542,(anonymous_818)
FN:13546,(anonymous_819)
FN:13570,(anonymous_820)
FN:13588,(anonymous_821)
FN:13601,(anonymous_822)
FN:13611,(anonymous_823)
FN:13616,(anonymous_824)
FN:13624,(anonymous_825)
FN:13647,(anonymous_826)
FN:13651,(anonymous_827)
FN:13655,(anonymous_828)
FN:13667,(anonymous_829)
FN:13726,(anonymous_830)
FN:13744,(anonymous_831)
FN:13749,(anonymous_832)
FN:13751,(anonymous_833)
FN:13754,(anonymous_834)
FN:13782,(anonymous_835)
FN:13782,(anonymous_836)
FN:13872,(anonymous_837)
FN:13899,(anonymous_838)
FN:13907,(anonymous_839)
FN:13909,App
FN:13928,(anonymous_841)
FN:13937,(anonymous_842)
FN:13939,(anonymous_843)
FN:13944,(anonymous_844)
FN:13946,(anonymous_845)
FN:13958,(anonymous_846)
FN:13966,(anonymous_847)
FN:13979,(anonymous_848)
FN:13996,(anonymous_849)
FN:14002,(anonymous_850)
FN:14009,(anonymous_851)
FN:14014,(anonymous_852)
FN:14019,(anonymous_853)
FN:14026,(anonymous_854)
FN:14040,(anonymous_855)
FN:14042,(anonymous_856)
FN:14058,(anonymous_857)
FN:14064,(anonymous_858)
FN:14066,(anonymous_859)
FN:14071,(anonymous_860)
FN:14071,(anonymous_861)
FN:14073,(anonymous_862)
FN:14078,(anonymous_863)
FN:14081,(anonymous_864)
FN:14089,(anonymous_865)
FN:14089,(anonymous_866)
FN:14093,(anonymous_867)
FN:14093,(anonymous_868)
FN:14097,(anonymous_869)
FN:14097,(anonymous_870)
FN:14101,(anonymous_871)
FN:14101,(anonymous_872)
FN:14111,(anonymous_873)
FN:14111,(anonymous_874)
FN:14117,(anonymous_875)
FN:14131,(anonymous_876)
FN:14134,(anonymous_877)
FN:14139,(anonymous_878)
FN:14142,(anonymous_879)
FN:14150,(anonymous_880)
FN:14150,(anonymous_881)
FN:14153,(anonymous_882)
FN:14153,(anonymous_883)
FN:14156,(anonymous_884)
FN:14156,(anonymous_885)
FN:14159,(anonymous_886)
FN:14159,(anonymous_887)
FN:14163,(anonymous_888)
FN:14165,(anonymous_889)
FN:14167,(anonymous_890)
FN:14174,(anonymous_891)
FN:14174,(anonymous_892)
FN:14176,(anonymous_893)
FN:14177,(anonymous_894)
FN:14187,(anonymous_895)
FN:14193,(anonymous_896)
FN:14197,(anonymous_897)
FN:14198,(anonymous_898)
FN:14198,(anonymous_899)
FN:14204,(anonymous_900)
FN:14235,(anonymous_901)
FN:14244,(anonymous_902)
FN:14255,(anonymous_903)
FN:14258,(anonymous_904)
FN:14270,(anonymous_905)
FN:14281,(anonymous_906)
FN:14285,(anonymous_907)
FN:14290,(anonymous_908)
FN:14295,(anonymous_909)
FN:14295,(anonymous_910)
FN:14300,(anonymous_911)
FN:14329,(anonymous_912)
FN:14338,(anonymous_913)
FN:14356,(anonymous_914)
FN:14358,(anonymous_915)
FN:14368,(anonymous_916)
FN:14368,(anonymous_917)
FN:14377,(anonymous_918)
FN:14380,(anonymous_919)
FN:14410,(anonymous_920)
FN:14414,(anonymous_921)
FN:14418,(anonymous_922)
FN:14422,(anonymous_923)
FN:14428,(anonymous_924)
FNF:925
FNH:0
FNDA:0,(anonymous_0)
FNDA:0,(anonymous_1)
FNDA:0,__require
FNDA:0,(anonymous_3)
FNDA:0,(anonymous_4)
FNDA:0,(anonymous_5)
FNDA:0,(anonymous_6)
FNDA:0,getIteratorFn
FNDA:0,(anonymous_8)
FNDA:0,(anonymous_9)
FNDA:0,(anonymous_10)
FNDA:0,(anonymous_11)
FNDA:0,Component
FNDA:0,(anonymous_13)
FNDA:0,(anonymous_14)
FNDA:0,ComponentDummy
FNDA:0,PureComponent
FNDA:0,noop
FNDA:0,ReactElement
FNDA:0,cloneAndReplaceKey
FNDA:0,isValidElement
FNDA:0,escape
FNDA:0,(anonymous_22)
FNDA:0,getElementKey
FNDA:0,resolveThenable
FNDA:0,(anonymous_25)
FNDA:0,(anonymous_26)
FNDA:0,mapIntoArray
FNDA:0,(anonymous_28)
FNDA:0,mapChildren
FNDA:0,(anonymous_30)
FNDA:0,lazyInitializer
FNDA:0,(anonymous_32)
FNDA:0,(anonymous_33)
FNDA:0,(anonymous_34)
FNDA:0,(anonymous_35)
FNDA:0,(anonymous_36)
FNDA:0,(anonymous_37)
FNDA:0,(anonymous_38)
FNDA:0,(anonymous_39)
FNDA:0,(anonymous_40)
FNDA:0,(anonymous_41)
FNDA:0,(anonymous_42)
FNDA:0,(anonymous_43)
FNDA:0,(anonymous_44)
FNDA:0,(anonymous_45)
FNDA:0,(anonymous_46)
FNDA:0,(anonymous_47)
FNDA:0,(anonymous_48)
FNDA:0,(anonymous_49)
FNDA:0,(anonymous_50)
FNDA:0,(anonymous_51)
FNDA:0,(anonymous_52)
FNDA:0,(anonymous_53)
FNDA:0,(anonymous_54)
FNDA:0,(anonymous_55)
FNDA:0,(anonymous_56)
FNDA:0,(anonymous_57)
FNDA:0,(anonymous_58)
FNDA:0,(anonymous_59)
FNDA:0,(anonymous_60)
FNDA:0,(anonymous_61)
FNDA:0,(anonymous_62)
FNDA:0,(anonymous_63)
FNDA:0,(anonymous_64)
FNDA:0,(anonymous_65)
FNDA:0,(anonymous_66)
FNDA:0,(anonymous_67)
FNDA:0,(anonymous_68)
FNDA:0,(anonymous_69)
FNDA:0,(anonymous_70)
FNDA:0,(anonymous_71)
FNDA:0,(anonymous_72)
FNDA:0,(anonymous_73)
FNDA:0,(anonymous_74)
FNDA:0,(anonymous_75)
FNDA:0,push
FNDA:0,peek
FNDA:0,pop
FNDA:0,compare
FNDA:0,(anonymous_80)
FNDA:0,(anonymous_81)
FNDA:0,advanceTimers
FNDA:0,handleTimeout
FNDA:0,shouldYieldToHost
FNDA:0,performWorkUntilDeadline
FNDA:0,(anonymous_86)
FNDA:0,(anonymous_87)
FNDA:0,(anonymous_88)
FNDA:0,requestHostTimeout
FNDA:0,(anonymous_90)
FNDA:0,(anonymous_91)
FNDA:0,(anonymous_92)
FNDA:0,(anonymous_93)
FNDA:0,(anonymous_94)
FNDA:0,(anonymous_95)
FNDA:0,(anonymous_96)
FNDA:0,(anonymous_97)
FNDA:0,(anonymous_98)
FNDA:0,(anonymous_99)
FNDA:0,(anonymous_100)
FNDA:0,(anonymous_101)
FNDA:0,formatProdErrorMessage
FNDA:0,noop
FNDA:0,(anonymous_104)
FNDA:0,createPortal$1
FNDA:0,getCrossOriginStringAs
FNDA:0,(anonymous_107)
FNDA:0,(anonymous_108)
FNDA:0,(anonymous_109)
FNDA:0,(anonymous_110)
FNDA:0,(anonymous_111)
FNDA:0,(anonymous_112)
FNDA:0,(anonymous_113)
FNDA:0,(anonymous_114)
FNDA:0,(anonymous_115)
FNDA:0,(anonymous_116)
FNDA:0,(anonymous_117)
FNDA:0,(anonymous_118)
FNDA:0,(anonymous_119)
FNDA:0,checkDCE
FNDA:0,(anonymous_121)
FNDA:0,formatProdErrorMessage
FNDA:0,isValidContainer
FNDA:0,getNearestMountedFiber
FNDA:0,getSuspenseInstanceFromFiber
FNDA:0,getActivityInstanceFromFiber
FNDA:0,assertIsMounted
FNDA:0,findCurrentFiberUsingSlowPath
FNDA:0,findCurrentHostFiberImpl
FNDA:0,getIteratorFn
FNDA:0,getComponentNameFromType
FNDA:0,createCursor
FNDA:0,pop
FNDA:0,push
FNDA:0,pushHostContainer
FNDA:0,popHostContainer
FNDA:0,pushHostContext
FNDA:0,popHostContext
FNDA:0,describeBuiltInComponentFrame
FNDA:0,describeNativeComponentFrame
FNDA:0,(anonymous_141)
FNDA:0,(anonymous_142)
FNDA:0,(anonymous_143)
FNDA:0,(anonymous_144)
FNDA:0,describeFiber
FNDA:0,getStackByFiberInDevAndProd
FNDA:0,setIsStrictModeForDevtools
FNDA:0,clz32Fallback
FNDA:0,getHighestPriorityLanes
FNDA:0,getNextLanes
FNDA:0,checkIfRootIsPrerendering
FNDA:0,computeExpirationTime
FNDA:0,claimNextRetryLane
FNDA:0,createLaneMap
FNDA:0,markRootUpdated$1
FNDA:0,markRootFinished
FNDA:0,markSpawnedDeferredLane
FNDA:0,markRootEntangled
FNDA:0,getBumpedLaneForHydration
FNDA:0,getBumpedLaneForHydrationByLane
FNDA:0,lanesToEventPriority
FNDA:0,resolveUpdatePriority
FNDA:0,runWithPriority
FNDA:0,detachDeletedInstance
FNDA:0,getClosestInstanceFromNode
FNDA:0,getInstanceFromNode
FNDA:0,getNodeFromInstance
FNDA:0,getResourcesFromRoot
FNDA:0,markNodeAsHoistable
FNDA:0,registerTwoPhaseEvent
FNDA:0,registerDirectEvent
FNDA:0,isAttributeNameSafe
FNDA:0,setValueForAttribute
FNDA:0,setValueForKnownAttribute
FNDA:0,setValueForNamespacedAttribute
FNDA:0,getToStringValue
FNDA:0,isCheckable
FNDA:0,trackValueOnNode
FNDA:0,(anonymous_179)
FNDA:0,(anonymous_180)
FNDA:0,(anonymous_181)
FNDA:0,(anonymous_182)
FNDA:0,(anonymous_183)
FNDA:0,track
FNDA:0,updateValueIfChanged
FNDA:0,getActiveElement
FNDA:0,escapeSelectorAttributeValueInsideDoubleQuotes
FNDA:0,(anonymous_188)
FNDA:0,updateInput
FNDA:0,initInput
FNDA:0,setDefaultValue
FNDA:0,updateOptions
FNDA:0,updateTextarea
FNDA:0,initTextarea
FNDA:0,setTextContent
FNDA:0,setValueForStyle
FNDA:0,setValueForStyles
FNDA:0,isCustomElement
FNDA:0,sanitizeURL
FNDA:0,noop$1
FNDA:0,getEventTarget
FNDA:0,restoreStateOfTarget
FNDA:0,batchedUpdates$1
FNDA:0,getListener
FNDA:0,(anonymous_205)
FNDA:0,getData
FNDA:0,getEventCharCode
FNDA:0,functionThatReturnsTrue
FNDA:0,functionThatReturnsFalse
FNDA:0,createSyntheticEvent
FNDA:0,SyntheticBaseEvent
FNDA:0,(anonymous_212)
FNDA:0,(anonymous_213)
FNDA:0,(anonymous_214)
FNDA:0,(anonymous_215)
FNDA:0,(anonymous_216)
FNDA:0,(anonymous_217)
FNDA:0,(anonymous_218)
FNDA:0,(anonymous_219)
FNDA:0,modifierStateGetter
FNDA:0,getEventModifierState
FNDA:0,(anonymous_222)
FNDA:0,(anonymous_223)
FNDA:0,(anonymous_224)
FNDA:0,(anonymous_225)
FNDA:0,(anonymous_226)
FNDA:0,(anonymous_227)
FNDA:0,isFallbackCompositionEnd
FNDA:0,getDataFromCustomEvent
FNDA:0,getNativeBeforeInputChars
FNDA:0,getFallbackBeforeInputChars
FNDA:0,isTextInputElement
FNDA:0,createAndAccumulateChangeEvent
FNDA:0,runEventInBatch
FNDA:0,getInstIfValueChanged
FNDA:0,getTargetInstForChangeEvent
FNDA:0,stopWatchingForValueChange
FNDA:0,handlePropertyChange
FNDA:0,handleEventsForInputEventPolyfill
FNDA:0,getTargetInstForInputEventPolyfill
FNDA:0,getTargetInstForClickEvent
FNDA:0,getTargetInstForInputOrChangeEvent
FNDA:0,is
FNDA:0,shallowEqual
FNDA:0,getLeafNode
FNDA:0,getNodeForCharacterOffset
FNDA:0,containsNode
FNDA:0,getActiveElementDeep
FNDA:0,hasSelectionCapabilities
FNDA:0,constructSelectEvent
FNDA:0,makePrefixMap
FNDA:0,getVendorPrefixedEventName
FNDA:0,registerSimpleEvent
FNDA:0,(anonymous_254)
FNDA:0,finishQueueingConcurrentUpdates
FNDA:0,enqueueUpdate$1
FNDA:0,enqueueConcurrentHookUpdate
FNDA:0,enqueueConcurrentRenderForLane
FNDA:0,markUpdateLaneFromFiberToRoot
FNDA:0,getRootForUpdatedFiber
FNDA:0,FiberNode
FNDA:0,createFiberImplClass
FNDA:0,shouldConstruct
FNDA:0,createWorkInProgress
FNDA:0,resetWorkInProgress
FNDA:0,createFiberFromTypeAndProps
FNDA:0,createFiberFromFragment
FNDA:0,createFiberFromText
FNDA:0,createFiberFromDehydratedFragment
FNDA:0,createFiberFromPortal
FNDA:0,createCapturedValueAtFiber
FNDA:0,pushTreeFork
FNDA:0,pushTreeId
FNDA:0,pushMaterializedTreeId
FNDA:0,popTreeContext
FNDA:0,restoreSuspendedTreeContext
FNDA:0,throwOnHydrationMismatch
FNDA:0,prepareToHydrateHostInstance
FNDA:0,popToNextHostParent
FNDA:0,popHydrationState
FNDA:0,resetHydrationState
FNDA:0,upgradeHydrationErrorsToRecoverable
FNDA:0,queueHydrationError
FNDA:0,pushProvider
FNDA:0,popProvider
FNDA:0,scheduleContextWorkOnParentPath
FNDA:0,propagateContextChanges
FNDA:0,propagateParentContextChanges
FNDA:0,checkIfContextChanged
FNDA:0,prepareToReadContext
FNDA:0,readContext
FNDA:0,readContextDuringReconciliation
FNDA:0,readContextForConsumer
FNDA:0,(anonymous_294)
FNDA:0,(anonymous_295)
FNDA:0,(anonymous_296)
FNDA:0,(anonymous_297)
FNDA:0,createCache
FNDA:0,releaseCache
FNDA:0,(anonymous_300)
FNDA:0,entangleAsyncAction
FNDA:0,(anonymous_302)
FNDA:0,pingEngtangledActionScope
FNDA:0,chainThenableValue
FNDA:0,(anonymous_305)
FNDA:0,(anonymous_306)
FNDA:0,(anonymous_307)
FNDA:0,(anonymous_308)
FNDA:0,peekCacheFromPool
FNDA:0,pushTransition
FNDA:0,getSuspendedCache
FNDA:0,(anonymous_312)
FNDA:0,isThenableResolved
FNDA:0,trackUsedThenable
FNDA:0,(anonymous_315)
FNDA:0,(anonymous_316)
FNDA:0,resolveLazy
FNDA:0,getSuspendedThenable
FNDA:0,checkIfUseWrappedInAsyncCatch
FNDA:0,unwrapThenable
FNDA:0,coerceRef
FNDA:0,throwOnInvalidObjectTypeImpl
FNDA:0,createChildReconciler
FNDA:0,deleteChild
FNDA:0,deleteRemainingChildren
FNDA:0,mapRemainingChildren
FNDA:0,useFiber
FNDA:0,placeChild
FNDA:0,placeSingleChild
FNDA:0,updateTextNode
FNDA:0,updateElement
FNDA:0,updatePortal
FNDA:0,updateFragment
FNDA:0,createChild
FNDA:0,updateSlot
FNDA:0,updateFromMap
FNDA:0,reconcileChildrenArray
FNDA:0,(anonymous_338)
FNDA:0,reconcileChildrenIterator
FNDA:0,(anonymous_340)
FNDA:0,reconcileChildFibersImpl
FNDA:0,(anonymous_342)
FNDA:0,initializeUpdateQueue
FNDA:0,cloneUpdateQueue
FNDA:0,createUpdate
FNDA:0,enqueueUpdate
FNDA:0,entangleTransitions
FNDA:0,enqueueCapturedUpdate
FNDA:0,suspendIfUpdateReadFromEntangledAsyncAction
FNDA:0,processUpdateQueue
FNDA:0,callCallback
FNDA:0,commitCallbacks
FNDA:0,pushHiddenContext
FNDA:0,reuseHiddenContextOnStack
FNDA:0,popHiddenContext
FNDA:0,pushPrimaryTreeSuspenseHandler
FNDA:0,pushDehydratedActivitySuspenseHandler
FNDA:0,pushOffscreenSuspenseHandler
FNDA:0,reuseSuspenseHandlerOnStack
FNDA:0,popSuspenseHandler
FNDA:0,findFirstSuspended
FNDA:0,throwInvalidHookError
FNDA:0,areHookInputsEqual
FNDA:0,renderWithHooks
FNDA:0,finishRenderingHooks
FNDA:0,renderWithHooksAgain
FNDA:0,TransitionAwareHostComponent
FNDA:0,checkDidRenderIdHook
FNDA:0,bailoutHooks
FNDA:0,resetHooksOnUnwind
FNDA:0,mountWorkInProgressHook
FNDA:0,updateWorkInProgressHook
FNDA:0,createFunctionComponentUpdateQueue
FNDA:0,useThenable
FNDA:0,use
FNDA:0,useMemoCache
FNDA:0,(anonymous_377)
FNDA:0,basicStateReducer
FNDA:0,updateReducer
FNDA:0,updateReducerImpl
FNDA:0,rerenderReducer
FNDA:0,updateSyncExternalStore
FNDA:0,pushStoreConsistencyCheck
FNDA:0,updateStoreInstance
FNDA:0,subscribeToStore
FNDA:0,(anonymous_386)
FNDA:0,checkIfSnapshotChanged
FNDA:0,forceStoreRerender
FNDA:0,mountStateImpl
FNDA:0,updateOptimisticImpl
FNDA:0,dispatchActionState
FNDA:0,(anonymous_392)
FNDA:0,runActionStateAction
FNDA:0,handleActionReturnValue
FNDA:0,(anonymous_395)
FNDA:0,(anonymous_396)
FNDA:0,onActionSuccess
FNDA:0,onActionError
FNDA:0,notifyActionListeners
FNDA:0,actionStateReducer
FNDA:0,mountActionState
FNDA:0,updateActionState
FNDA:0,updateActionStateImpl
FNDA:0,actionStateActionEffect
FNDA:0,rerenderActionState
FNDA:0,pushSimpleEffect
FNDA:0,updateRef
FNDA:0,mountEffectImpl
FNDA:0,updateEffectImpl
FNDA:0,mountEffect
FNDA:0,updateEffect
FNDA:0,useEffectEventImpl
FNDA:0,updateEvent
FNDA:0,(anonymous_414)
FNDA:0,updateInsertionEffect
FNDA:0,updateLayoutEffect
FNDA:0,imperativeHandleEffect
FNDA:0,(anonymous_418)
FNDA:0,(anonymous_419)
FNDA:0,updateImperativeHandle
FNDA:0,mountDebugValue
FNDA:0,updateCallback
FNDA:0,updateMemo
FNDA:0,mountDeferredValueImpl
FNDA:0,updateDeferredValueImpl
FNDA:0,startTransition
FNDA:0,(anonymous_427)
FNDA:0,noop
FNDA:0,startHostTransition
FNDA:0,(anonymous_430)
FNDA:0,ensureFormComponentIsStateful
FNDA:0,requestFormReset$1
FNDA:0,useHostTransitionStatus
FNDA:0,updateId
FNDA:0,updateRefresh
FNDA:0,refreshCache
FNDA:0,dispatchReducerAction
FNDA:0,dispatchSetState
FNDA:0,dispatchSetStateInternal
FNDA:0,dispatchOptimisticSetState
FNDA:0,isRenderPhaseUpdate
FNDA:0,enqueueRenderPhaseUpdate
FNDA:0,entangleTransitionUpdate
FNDA:0,(anonymous_444)
FNDA:0,(anonymous_445)
FNDA:0,(anonymous_446)
FNDA:0,(anonymous_447)
FNDA:0,(anonymous_448)
FNDA:0,(anonymous_449)
FNDA:0,(anonymous_450)
FNDA:0,(anonymous_451)
FNDA:0,(anonymous_452)
FNDA:0,(anonymous_453)
FNDA:0,(anonymous_454)
FNDA:0,(anonymous_455)
FNDA:0,(anonymous_456)
FNDA:0,(anonymous_457)
FNDA:0,(anonymous_458)
FNDA:0,(anonymous_459)
FNDA:0,(anonymous_460)
FNDA:0,(anonymous_461)
FNDA:0,(anonymous_462)
FNDA:0,(anonymous_463)
FNDA:0,(anonymous_464)
FNDA:0,(anonymous_465)
FNDA:0,(anonymous_466)
FNDA:0,(anonymous_467)
FNDA:0,applyDerivedStateFromProps
FNDA:0,(anonymous_469)
FNDA:0,(anonymous_470)
FNDA:0,(anonymous_471)
FNDA:0,checkShouldComponentUpdate
FNDA:0,callComponentWillReceiveProps
FNDA:0,resolveClassComponentProps
FNDA:0,defaultOnUncaughtError
FNDA:0,defaultOnCaughtError
FNDA:0,defaultOnRecoverableError
FNDA:0,logUncaughtError
FNDA:0,(anonymous_479)
FNDA:0,logCaughtError
FNDA:0,(anonymous_481)
FNDA:0,createRootErrorUpdate
FNDA:0,(anonymous_483)
FNDA:0,createClassErrorUpdate
FNDA:0,initializeClassErrorUpdate
FNDA:0,(anonymous_486)
FNDA:0,(anonymous_487)
FNDA:0,(anonymous_488)
FNDA:0,throwException
FNDA:0,reconcileChildren
FNDA:0,updateForwardRef
FNDA:0,updateMemoComponent
FNDA:0,updateSimpleMemoComponent
FNDA:0,updateOffscreenComponent
FNDA:0,bailoutOffscreenComponent
FNDA:0,deferHiddenOffscreenComponent
FNDA:0,mountActivityChildren
FNDA:0,retryActivityComponentWithoutHydrating
FNDA:0,updateActivityComponent
FNDA:0,markRef
FNDA:0,updateFunctionComponent
FNDA:0,replayFunctionComponent
FNDA:0,updateClassComponent
FNDA:0,mountHostRootWithoutHydrating
FNDA:0,mountSuspenseOffscreenState
FNDA:0,getRemainingWorkInPrimaryTree
FNDA:0,updateSuspenseComponent
FNDA:0,mountSuspensePrimaryChildren
FNDA:0,mountWorkInProgressOffscreenFiber
FNDA:0,retrySuspenseComponentWithoutHydrating
FNDA:0,scheduleSuspenseWorkOnFiber
FNDA:0,initSuspenseListRenderState
FNDA:0,updateSuspenseListComponent
FNDA:0,bailoutOnAlreadyFinishedWork
FNDA:0,checkScheduledUpdateOrContext
FNDA:0,attemptEarlyBailoutIfNoScheduledUpdate
FNDA:0,beginWork
FNDA:0,markUpdate
FNDA:0,preloadInstanceAndSuspendIfNeeded
FNDA:0,preloadResourceAndSuspendIfNeeded
FNDA:0,scheduleRetryEffect
FNDA:0,cutOffTailIfNeeded
FNDA:0,bubbleProperties
FNDA:0,completeWork
FNDA:0,unwindWork
FNDA:0,unwindInterruptedWork
FNDA:0,commitHookEffectListMount
FNDA:0,commitHookEffectListUnmount
FNDA:0,commitClassCallbacks
FNDA:0,safelyCallComponentWillUnmount
FNDA:0,safelyAttachRef
FNDA:0,safelyDetachRef
FNDA:0,commitHostMount
FNDA:0,commitHostUpdate
FNDA:0,isHostParent
FNDA:0,getHostSibling
FNDA:0,insertOrAppendPlacementNodeIntoContainer
FNDA:0,insertOrAppendPlacementNode
FNDA:0,commitHostSingletonAcquisition
FNDA:0,commitBeforeMutationEffects
FNDA:0,commitLayoutEffectOnFiber
FNDA:0,detachFiberAfterEffects
FNDA:0,recursivelyTraverseDeletionEffects
FNDA:0,commitDeletionEffectsOnFiber
FNDA:0,commitActivityHydrationCallbacks
FNDA:0,commitSuspenseHydrationCallbacks
FNDA:0,getRetryCache
FNDA:0,attachSuspenseRetryListeners
FNDA:0,(anonymous_549)
FNDA:0,recursivelyTraverseMutationEffects
FNDA:0,commitMutationEffectsOnFiber
FNDA:0,commitReconciliationEffects
FNDA:0,recursivelyResetForms
[...]
BRDA:98,11,1,83
BRDA:99,12,0,1
BRDA:99,12,1,82
BRDA:99,13,0,83
BRDA:99,13,1,83
BRDA:117,14,0,9
BRDA:117,14,1,524
BRDA:123,15,0,4
BRDA:123,15,1,69
BRDA:123,16,0,73
BRDA:123,16,1,4
BRDA:123,16,2,4
BRDA:123,16,3,4
BRDA:123,16,4,4
BRDA:123,16,5,4
BRDA:123,16,6,4
BRDA:123,16,7,4
BRDA:123,16,8,4
BRDA:139,17,0,2
BRDA:141,18,0,30
BRDA:141,18,1,2
BRDA:143,19,0,20
BRDA:143,19,1,10
BRDA:152,20,0,0
BRDA:152,20,1,0
BRDA:156,21,0,0
BRDA:156,21,1,12
BRDA:173,22,0,14
BRDA:173,22,1,2
BRDA:174,23,0,2
BRDA:174,23,1,2
BRDA:182,24,0,1
BRDA:182,24,1,13
BRDA:187,25,0,1
BRDA:187,25,1,0
BRDA:202,26,0,0
BRDA:202,26,1,13
BRDA:214,27,0,6
BRDA:214,27,1,18
BRDA:218,28,0,0
BRDA:218,28,1,75
BRDA:220,29,0,0
BRDA:220,29,1,0
BRDA:234,30,0,140
BRDA:234,30,1,445
BRDA:237,31,0,9
BRDA:237,31,1,60
BRDA:252,32,0,131
BRDA:252,32,1,421
BRDA:257,33,0,24
BRDA:257,33,1,54
BRF:73
BRH:55
end_of_record
TN:
SF:src/server/services/name-resolver.js
FN:53,startCleanupInterval
FN:55,(anonymous_1)
FN:67,stopCleanupInterval
FN:79,cleanupCache
FN:84,(anonymous_4)
FN:96,(anonymous_5)
FN:97,(anonymous_6)
FN:101,(anonymous_7)
FN:109,(anonymous_8)
FN:110,(anonymous_9)
FN:113,(anonymous_10)
FN:125,getCacheValue
FN:143,setCacheValue
FN:149,(anonymous_13)
FN:158,(anonymous_14)
FN:165,(anonymous_15)
FN:179,(anonymous_16)
FN:179,(anonymous_17)
FN:181,calculateDelay
FN:187,getFetch
FN:190,(anonymous_20)
FN:198,fetchJson
FN:278,fetchText
FN:300,resolveCIDBySmiles
FN:303,(anonymous_24)
FN:308,resolveViaOPSIN
FN:320,resolveViaCACTUS
FN:333,resolveViaChEMBL
FN:352,resolveNameSimple
FN:410,downloadSDFBySmiles
FN:469,resolveName
FN:537,(anonymous_31)
FN:549,getPropertiesByCID
FNF:33
FNH:3
FNDA:0,startCleanupInterval
FNDA:0,(anonymous_1)
FNDA:0,stopCleanupInterval
FNDA:0,cleanupCache
FNDA:0,(anonymous_4)
FNDA:0,(anonymous_5)
FNDA:0,(anonymous_6)
FNDA:0,(anonymous_7)
FNDA:0,(anonymous_8)
FNDA:0,(anonymous_9)
FNDA:0,(anonymous_10)
FNDA:0,getCacheValue
FNDA:0,setCacheValue
FNDA:0,(anonymous_13)
FNDA:0,(anonymous_14)
FNDA:0,(anonymous_15)
FNDA:0,(anonymous_16)
FNDA:0,(anonymous_17)
FNDA:0,calculateDelay
FNDA:13,getFetch
FNDA:13,(anonymous_20)
FNDA:0,fetchJson
FNDA:0,fetchText
FNDA:0,resolveCIDBySmiles
FNDA:0,(anonymous_24)
FNDA:0,resolveViaOPSIN
FNDA:0,resolveViaCACTUS
FNDA:0,resolveViaChEMBL
FNDA:0,resolveNameSimple
FNDA:13,downloadSDFBySmiles
FNDA:0,resolveName
FNDA:0,(anonymous_31)
FNDA:0,getPropertiesByCID
DA:22,2
DA:23,2
DA:24,2
DA:25,2
DA:26,2
DA:29,2
DA:47,2
DA:50,2
DA:54,0
DA:55,0
DA:56,0
DA:60,0
DA:61,0
DA:68,0
DA:69,0
DA:70,0
DA:75,2
DA:76,0
DA:80,0
DA:81,0
DA:84,0
DA:85,0
DA:86,0
DA:91,0
DA:94,0
DA:95,0
DA:96,0
DA:97,0
DA:100,0
DA:101,0
DA:102,0
DA:107,0
DA:108,0
DA:109,0
DA:110,0
DA:113,0
DA:114,0
DA:126,0
DA:127,0
DA:128,0
DA:129,0
DA:131,0
DA:132,0
DA:134,0
DA:144,0
DA:150,0
DA:151,0
DA:152,0
DA:153,0
DA:159,0
DA:160,0
DA:166,0
DA:167,0
DA:172,2
DA:179,2
DA:182,0
DA:183,0
DA:186,2
DA:188,13
DA:189,1
DA:190,13
DA:191,1
DA:193,0
DA:194,0
DA:195,0
DA:199,0
DA:201,0
DA:202,0
DA:203,0
DA:205,0
DA:213,0
DA:214,0
DA:215,0
DA:218,0
DA:219,0
DA:220,0
DA:221,0
DA:222,0
DA:223,0
DA:224,0
DA:225,0
DA:227,0
DA:228,0
DA:229,0
DA:230,0
DA:231,0
DA:232,0
DA:233,0
DA:235,0
DA:237,0
DA:241,0
DA:242,0
DA:243,0
DA:247,0
DA:248,0
DA:249,0
DA:250,0
DA:251,0
DA:252,0
DA:254,0
DA:255,0
DA:256,0
DA:257,0
DA:258,0
DA:259,0
DA:260,0
DA:262,0
DA:263,0
DA:264,0
DA:266,0
DA:267,0
DA:268,0
DA:269,0
DA:270,0
DA:272,0
DA:279,0
DA:280,0
DA:281,0
DA:282,0
DA:283,0
DA:284,0
DA:285,0
DA:286,0
DA:288,0
DA:290,0
DA:292,0
DA:293,0
DA:294,0
DA:296,0
DA:301,0
DA:302,0
DA:303,0
DA:304,0
DA:305,0
DA:309,0
DA:310,0
DA:311,0
DA:312,0
DA:313,0
DA:314,0
DA:316,0
DA:321,0
DA:322,0
DA:323,0
DA:324,0
DA:325,0
DA:326,0
DA:327,0
DA:329,0
DA:334,0
DA:335,0
DA:336,0
DA:337,0
DA:338,0
DA:339,0
DA:340,0
DA:342,0
DA:354,0
DA:355,0
DA:358,0
DA:359,0
DA:360,0
DA:363,0
DA:366,0
DA:367,0
DA:368,0
DA:369,0
DA:372,0
DA:374,0
DA:375,0
DA:376,0
DA:377,0
DA:380,0
DA:381,0
DA:382,0
DA:383,0
DA:384,0
DA:385,0
DA:386,0
DA:387,0
DA:388,0
DA:390,0
DA:391,0
DA:394,0
DA:395,0
DA:398,0
DA:399,0
DA:401,0
DA:402,0
DA:404,0
DA:407,0
DA:411,13
DA:412,0
DA:415,13
DA:416,13
DA:418,13
DA:419,13
DA:420,13
DA:422,13
DA:423,4
DA:424,0
DA:426,4
DA:429,9
DA:430,9
DA:431,0
DA:434,9
DA:436,4
DA:437,0
DA:439,4
DA:471,0
DA:472,0
DA:475,0
DA:476,0
DA:477,0
DA:478,0
DA:479,0
DA:480,0
DA:482,0
DA:483,0
DA:486,0
DA:487,0
DA:488,0
DA:489,0
DA:490,0
DA:491,0
DA:495,0
DA:496,0
DA:497,0
DA:498,0
DA:499,0
DA:500,0
DA:501,0
DA:502,0
DA:503,0
DA:508,0
DA:509,0
DA:510,0
DA:511,0
DA:512,0
DA:513,0
DA:514,0
DA:517,0
DA:518,0
DA:519,0
DA:520,0
DA:523,0
DA:524,0
DA:525,0
DA:526,0
DA:527,0
DA:533,0
DA:534,0
DA:535,0
DA:536,0
DA:537,0
DA:538,0
DA:539,0
DA:544,0
DA:545,0
DA:546,0
DA:551,0
DA:552,0
DA:555,0
DA:556,0
DA:557,0
DA:558,0
DA:560,0
DA:566,0
DA:567,0
DA:571,2
LF:270
LH:31
BRDA:30,0,0,2
BRDA:30,0,1,2
BRDA:31,1,0,2
BRDA:31,1,1,2
BRDA:32,2,0,2
BRDA:32,2,1,2
BRDA:33,3,0,2
BRDA:33,3,1,2
BRDA:54,4,0,0
BRDA:54,4,1,0
BRDA:60,5,0,0
BRDA:60,5,1,0
BRDA:68,6,0,0
BRDA:68,6,1,0
BRDA:75,7,0,0
BRDA:75,7,1,2
BRDA:85,8,0,0
BRDA:85,8,1,0
BRDA:94,9,0,0
BRDA:94,9,1,0
BRDA:107,10,0,0
BRDA:107,10,1,0
BRDA:127,11,0,0
BRDA:127,11,1,0
BRDA:127,12,0,0
BRDA:127,12,1,0
BRDA:131,13,0,0
BRDA:131,13,1,0
BRDA:149,14,0,0
BRDA:149,15,0,0
BRDA:158,16,0,0
BRDA:165,17,0,0
BRDA:173,18,0,2
BRDA:173,18,1,2
BRDA:174,19,0,2
BRDA:174,19,1,2
BRDA:175,20,0,2
BRDA:175,20,1,2
BRDA:176,21,0,2
BRDA:176,21,1,2
BRDA:188,22,0,12
BRDA:188,22,1,1
BRDA:189,23,0,1
BRDA:189,23,1,0
BRDA:198,24,0,0
BRDA:213,25,0,0
BRDA:213,25,1,0
BRDA:215,26,0,0
BRDA:215,26,1,0
BRDA:218,27,0,0
BRDA:218,27,1,0
BRDA:220,28,0,0
BRDA:220,28,1,0
BRDA:221,29,0,0
BRDA:221,29,1,0
BRDA:228,30,0,0
BRDA:228,30,1,0
BRDA:229,31,0,0
BRDA:229,31,1,0
BRDA:247,32,0,0
BRDA:247,32,1,0
BRDA:247,33,0,0
BRDA:247,33,1,0
BRDA:248,34,0,0
BRDA:248,34,1,0
BRDA:255,35,0,0
BRDA:255,35,1,0
BRDA:255,36,0,0
BRDA:255,36,1,0
BRDA:255,36,2,0
BRDA:256,37,0,0
BRDA:256,37,1,0
BRDA:263,38,0,0
BRDA:263,38,1,0
BRDA:266,39,0,0
BRDA:266,39,1,0
BRDA:278,40,0,0
BRDA:282,41,0,0
BRDA:282,41,1,0
BRDA:284,42,0,0
BRDA:284,42,1,0
BRDA:284,43,0,0
BRDA:284,43,1,0
BRDA:284,43,2,0
BRDA:284,43,3,0
BRDA:284,43,4,0
BRDA:284,43,5,0
BRDA:292,44,0,0
BRDA:292,44,1,0
BRDA:292,45,0,0
BRDA:292,45,1,0
BRDA:292,45,2,0
BRDA:292,45,3,0
BRDA:304,46,0,0
BRDA:304,46,1,0
BRDA:305,47,0,0
BRDA:305,47,1,0
BRDA:313,48,0,0
BRDA:313,48,1,0
BRDA:314,49,0,0
BRDA:314,49,1,0
BRDA:325,50,0,0
BRDA:325,50,1,0
BRDA:326,51,0,0
BRDA:326,51,1,0
BRDA:326,52,0,0
BRDA:326,52,1,0
BRDA:339,53,0,0
BRDA:339,53,1,0
BRDA:340,54,0,0
BRDA:340,54,1,0
BRDA:340,55,0,0
BRDA:340,55,1,0
BRDA:340,56,0,0
BRDA:340,56,1,0
BRDA:354,57,0,0
BRDA:354,57,1,0
BRDA:354,58,0,0
BRDA:354,58,1,0
BRDA:359,59,0,0
BRDA:359,59,1,0
BRDA:367,60,0,0
BRDA:367,60,1,0
BRDA:385,61,0,0
BRDA:385,61,1,0
BRDA:386,62,0,0
BRDA:386,62,1,0
BRDA:387,63,0,0
BRDA:387,63,1,0
BRDA:388,64,0,0
BRDA:388,64,1,0
BRDA:390,65,0,0
BRDA:390,65,1,0
BRDA:390,66,0,0
BRDA:390,66,1,0
BRDA:398,67,0,0
BRDA:398,67,1,0
BRDA:401,68,0,0
BRDA:401,68,1,0
BRDA:411,69,0,0
BRDA:411,69,1,13
BRDA:411,70,0,13
BRDA:411,70,1,13
BRDA:422,71,0,4
BRDA:422,71,1,9
BRDA:423,72,0,0
BRDA:423,72,1,4
BRDA:430,73,0,0
BRDA:430,73,1,9
BRDA:430,74,0,9
BRDA:430,74,1,9
BRDA:436,75,0,0
BRDA:436,75,1,4
BRDA:436,76,0,4
BRDA:436,76,1,4
BRDA:471,77,0,0
BRDA:471,77,1,0
BRDA:471,78,0,0
BRDA:471,78,1,0
BRDA:480,79,0,0
BRDA:480,79,1,0
BRDA:486,80,0,0
BRDA:486,80,1,0
BRDA:489,81,0,0
BRDA:489,81,1,0
BRDA:490,82,0,0
BRDA:490,82,1,0
BRDA:491,83,0,0
BRDA:491,83,1,0
BRDA:499,84,0,0
BRDA:499,84,1,0
BRDA:500,85,0,0
BRDA:500,85,1,0
BRDA:501,86,0,0
BRDA:501,86,1,0
BRDA:502,87,0,0
BRDA:502,87,1,0
BRDA:503,88,0,0
BRDA:503,88,1,0
BRDA:510,89,0,0
BRDA:510,89,1,0
BRDA:511,90,0,0
BRDA:511,90,1,0
BRDA:511,91,0,0
BRDA:511,91,1,0
BRDA:513,92,0,0
BRDA:513,92,1,0
BRDA:513,93,0,0
BRDA:513,93,1,0
BRDA:517,94,0,0
BRDA:517,94,1,0
BRDA:517,95,0,0
BRDA:517,95,1,0
BRDA:519,96,0,0
BRDA:519,96,1,0
BRDA:519,97,0,0
BRDA:519,97,1,0
BRDA:523,98,0,0
BRDA:523,98,1,0
BRDA:523,99,0,0
BRDA:523,99,1,0
BRDA:523,99,2,0
BRDA:525,100,0,0
BRDA:525,100,1,0
BRDA:525,101,0,0
BRDA:525,101,1,0
BRDA:527,102,0,0
BRDA:527,102,1,0
BRDA:533,103,0,0
BRDA:533,103,1,0
BRDA:533,104,0,0
BRDA:533,104,1,0
BRDA:536,105,0,0
BRDA:536,105,1,0
BRDA:538,106,0,0
BRDA:538,106,1,0
BRDA:539,107,0,0
BRDA:539,107,1,0
BRDA:551,108,0,0
BRDA:551,108,1,0
BRDA:551,109,0,0
BRDA:551,109,1,0
BRDA:558,110,0,0
BRDA:558,110,1,0
BRDA:561,111,0,0
BRDA:561,111,1,0
BRDA:562,112,0,0
BRDA:562,112,1,0
BRDA:563,113,0,0
BRDA:563,113,1,0
BRF:230
BRH:32
end_of_record
TN:
SF:src/server/services/performance-cache.js
FN:18,(anonymous_0)
FN:35,(anonymous_1)
FN:102,(anonymous_2)
FN:151,(anonymous_3)
FN:171,(anonymous_4)
FN:185,(anonymous_5)
FN:202,(anonymous_6)
FN:215,(anonymous_7)
FN:227,(anonymous_8)
FN:252,(anonymous_9)
FN:264,(anonymous_10)
FN:277,(anonymous_11)
FN:288,(anonymous_12)
FNF:13
FNH:0
FNDA:0,(anonymous_0)
FNDA:0,(anonymous_1)
FNDA:0,(anonymous_2)
FNDA:0,(anonymous_3)
FNDA:0,(anonymous_4)
FNDA:0,(anonymous_5)
FNDA:0,(anonymous_6)
FNDA:0,(anonymous_7)
FNDA:0,(anonymous_8)
FNDA:0,(anonymous_9)
FNDA:0,(anonymous_10)
FNDA:0,(anonymous_11)
FNDA:0,(anonymous_12)
DA:14,0
DA:15,0
DA:19,0
DA:20,0
DA:21,0
DA:22,0
DA:23,0
DA:36,0
DA:37,0
DA:39,0
DA:41,0
DA:42,0
DA:43,0
DA:44,0
DA:46,0
DA:47,0
DA:54,0
DA:55,0
DA:60,0
DA:61,0
DA:63,0
DA:66,0
DA:67,0
DA:71,0
DA:72,0
DA:80,0
DA:81,0
DA:84,0
DA:87,0
DA:88,0
DA:95,0
DA:103,0
DA:104,0
DA:107,0
DA:108,0
DA:124,0
DA:125,0
DA:128,0
DA:129,0
DA:143,0
DA:144,0
DA:152,0
DA:153,0
DA:154,0
DA:158,0
DA:160,0
DA:161,0
DA:164,0
DA:172,0
DA:173,0
DA:185,0
DA:193,0
DA:194,0
DA:203,0
DA:204,0
DA:213,0
DA:215,0
DA:217,0
DA:221,0
DA:224,0
DA:228,0
DA:229,0
DA:231,0
DA:248,0
DA:253,0
DA:254,0
DA:265,0
DA:266,0
DA:273,0
DA:278,0
DA:282,0
DA:289,0
DA:290,0
DA:292,0
DA:296,0
LF:75
LH:0
BRDA:18,0,0,0
BRDA:20,1,0,0
BRDA:20,1,1,0
BRDA:21,2,0,0
BRDA:21,2,1,0
BRDA:35,3,0,0
BRDA:41,4,0,0
BRDA:41,4,1,0
BRDA:41,5,0,0
BRDA:41,5,1,0
BRDA:43,6,0,0
BRDA:43,6,1,0
BRDA:46,7,0,0
BRDA:46,7,1,0
BRDA:66,8,0,0
BRDA:66,8,1,0
BRDA:66,9,0,0
BRDA:66,9,1,0
BRDA:66,9,2,0
BRDA:71,10,0,0
BRDA:71,10,1,0
BRDA:87,11,0,0
BRDA:87,11,1,0
BRDA:102,12,0,0
BRDA:103,13,0,0
BRDA:103,13,1,0
BRDA:124,14,0,0
BRDA:124,14,1,0
BRDA:132,15,0,0
BRDA:132,15,1,0
BRDA:133,16,0,0
BRDA:133,16,1,0
BRDA:134,17,0,0
BRDA:134,17,1,0
BRDA:140,18,0,0
BRDA:140,18,1,0
BRDA:151,19,0,0
BRDA:153,20,0,0
BRDA:153,20,1,0
BRDA:213,21,0,0
BRDA:213,21,1,0
BRDA:227,22,0,0
BRDA:229,23,0,0
BRDA:229,23,1,0
BRDA:264,24,0,0
BRDA:278,25,0,0
BRDA:278,25,1,0
BRDA:289,26,0,0
BRDA:289,26,1,0
BRF:49
BRH:0
end_of_record
TN:
SF:src/server/services/server-startup.js
FN:4,(anonymous_0)
FN:5,(anonymous_1)
FN:6,(anonymous_2)
FN:9,(anonymous_3)
FN:10,(anonymous_4)
FN:11,(anonymous_5)
FN:29,(anonymous_6)
FN:52,(anonymous_7)
FN:67,(anonymous_8)
FN:73,(anonymous_9)
FN:74,(anonymous_10)
FN:78,(anonymous_11)
FN:98,(anonymous_12)
FN:111,(anonymous_13)
FN:126,(anonymous_14)
FN:134,(anonymous_15)
FN:136,(anonymous_16)
FN:138,(anonymous_17)
FN:139,(anonymous_18)
FN:142,(anonymous_19)
FN:150,(anonymous_20)
FN:173,(anonymous_21)
FN:175,(anonymous_22)
FN:184,(anonymous_23)
FN:209,(anonymous_24)
FN:218,(anonymous_25)
FN:230,(anonymous_26)
FN:249,(anonymous_27)
FN:283,(anonymous_28)
FN:287,(anonymous_29)
FN:319,(anonymous_30)
FN:323,(anonymous_31)
FN:336,(anonymous_32)
FN:337,(anonymous_33)
FN:338,(anonymous_34)
FN:340,(anonymous_35)
FN:352,(anonymous_36)
FN:356,(anonymous_37)
FN:361,(anonymous_38)
FN:362,(anonymous_39)
FN:363,(anonymous_40)
FNF:41
FNH:0
FNDA:0,(anonymous_0)
FNDA:0,(anonymous_1)
FNDA:0,(anonymous_2)
FNDA:0,(anonymous_3)
FNDA:0,(anonymous_4)
FNDA:0,(anonymous_5)
FNDA:0,(anonymous_6)
FNDA:0,(anonymous_7)
FNDA:0,(anonymous_8)
FNDA:0,(anonymous_9)
FNDA:0,(anonymous_10)
FNDA:0,(anonymous_11)
FNDA:0,(anonymous_12)
FNDA:0,(anonymous_13)
FNDA:0,(anonymous_14)
FNDA:0,(anonymous_15)
FNDA:0,(anonymous_16)
FNDA:0,(anonymous_17)
FNDA:0,(anonymous_18)
FNDA:0,(anonymous_19)
FNDA:0,(anonymous_20)
FNDA:0,(anonymous_21)
FNDA:0,(anonymous_22)
FNDA:0,(anonymous_23)
FNDA:0,(anonymous_24)
FNDA:0,(anonymous_25)
FNDA:0,(anonymous_26)
FNDA:0,(anonymous_27)
FNDA:0,(anonymous_28)
FNDA:0,(anonymous_29)
FNDA:0,(anonymous_30)
FNDA:0,(anonymous_31)
FNDA:0,(anonymous_32)
FNDA:0,(anonymous_33)
FNDA:0,(anonymous_34)
FNDA:0,(anonymous_35)
FNDA:0,(anonymous_36)
FNDA:0,(anonymous_37)
FNDA:0,(anonymous_38)
FNDA:0,(anonymous_39)
FNDA:0,(anonymous_40)
DA:1,0
DA:2,0
DA:4,0
DA:5,0
DA:6,0
DA:7,0
DA:9,0
DA:11,0
DA:17,0
DA:18,0
DA:19,0
DA:20,0
DA:22,0
DA:24,0
DA:29,0
DA:30,0
DA:31,0
DA:34,0
DA:35,0
DA:36,0
DA:37,0
DA:39,0
DA:40,0
DA:42,0
DA:43,0
DA:44,0
DA:45,0
DA:47,0
DA:52,0
DA:53,0
DA:57,0
DA:60,0
DA:62,0
DA:63,0
DA:67,0
DA:68,0
DA:70,0
DA:71,0
DA:72,0
DA:73,0
DA:74,0
DA:75,0
DA:76,0
DA:78,0
DA:81,0
DA:82,0
DA:84,0
DA:85,0
DA:86,0
DA:87,0
DA:89,0
DA:98,0
DA:99,0
DA:100,0
DA:101,0
DA:102,0
DA:103,0
DA:104,0
DA:108,0
DA:111,0
DA:112,0
DA:113,0
DA:114,0
DA:116,0
DA:117,0
DA:118,0
DA:124,0
DA:126,0
DA:127,0
DA:129,0
DA:130,0
DA:132,0
DA:133,0
DA:134,0
DA:135,0
DA:136,0
DA:137,0
DA:138,0
DA:139,0
DA:140,0
DA:142,0
DA:145,0
DA:146,0
DA:148,0
DA:149,0
DA:150,0
DA:154,0
DA:155,0
DA:156,0
DA:161,0
DA:162,0
DA:163,0
DA:167,0
DA:168,0
DA:173,0
DA:174,0
DA:175,0
DA:176,0
DA:180,0
DA:181,0
DA:182,0
DA:184,0
DA:185,0
DA:186,0
DA:187,0
DA:189,0
DA:190,0
DA:191,0
DA:192,0
DA:194,0
DA:195,0
DA:198,0
DA:204,0
DA:205,0
DA:209,0
DA:210,0
DA:211,0
DA:212,0
DA:213,0
DA:214,0
DA:215,0
DA:217,0
DA:218,0
DA:219,0
DA:220,0
DA:223,0
DA:224,0
DA:225,0
DA:230,0
DA:231,0
DA:232,0
DA:235,0
DA:238,0
DA:239,0
DA:243,0
DA:248,0
DA:249,0
DA:250,0
DA:251,0
DA:252,0
DA:253,0
DA:254,0
DA:255,0
DA:256,0
DA:257,0
DA:258,0
DA:259,0
DA:260,0
DA:262,0
DA:263,0
DA:264,0
DA:270,0
DA:271,0
DA:275,0
DA:276,0
DA:277,0
DA:279,0
DA:280,0
DA:281,0
DA:283,0
DA:284,0
DA:287,0
DA:288,0
DA:289,0
DA:292,0
DA:293,0
DA:296,0
DA:297,0
DA:298,0
DA:299,0
DA:300,0
DA:301,0
DA:302,0
DA:305,0
DA:306,0
DA:309,0
DA:310,0
DA:311,0
DA:315,0
DA:316,0
DA:317,0
DA:319,0
DA:320,0
DA:323,0
DA:324,0
DA:325,0
DA:329,0
DA:330,0
DA:335,0
DA:336,0
DA:337,0
DA:338,0
DA:339,0
DA:340,0
DA:341,0
DA:344,0
DA:349,0
DA:353,0
DA:356,0
DA:357,0
DA:361,0
DA:362,0
DA:363,0
DA:366,0
DA:369,0
LF:205
LH:0
BRDA:19,0,0,0
BRDA:19,0,1,0
BRDA:34,1,0,0
BRDA:34,1,1,0
BRDA:39,2,0,0
BRDA:39,2,1,0
BRDA:81,3,0,0
BRDA:81,3,1,0
BRDA:103,4,0,0
BRDA:103,4,1,0
BRDA:103,5,0,0
BRDA:103,5,1,0
BRDA:116,6,0,0
BRDA:116,6,1,0
BRDA:118,7,0,0
BRDA:118,7,1,0
BRDA:124,8,0,0
BRDA:124,8,1,0
BRDA:124,9,0,0
BRDA:124,9,1,0
BRDA:124,9,2,0
BRDA:132,10,0,0
BRDA:132,10,1,0
BRDA:134,11,0,0
BRDA:134,11,1,0
BRDA:148,12,0,0
BRDA:148,12,1,0
BRDA:155,13,0,0
BRDA:155,13,1,0
BRDA:170,14,0,0
BRDA:170,14,1,0
BRDA:170,15,0,0
BRDA:170,15,1,0
BRDA:181,16,0,0
BRDA:181,16,1,0
BRDA:189,17,0,0
BRDA:189,17,1,0
BRDA:214,18,0,0
BRDA:214,18,1,0
BRDA:215,19,0,0
BRDA:215,19,1,0
BRDA:217,20,0,0
BRDA:217,20,1,0
BRDA:248,21,0,0
BRDA:248,21,1,0
BRDA:250,22,0,0
BRDA:250,22,1,0
BRDA:257,23,0,0
BRDA:257,23,1,0
BRDA:270,24,0,0
BRDA:270,24,1,0
BRDA:276,25,0,0
BRDA:276,25,1,0
BRDA:279,26,0,0
BRDA:279,26,1,0
BRDA:292,27,0,0
BRDA:292,27,1,0
BRDA:299,28,0,0
BRDA:299,28,1,0
BRDA:301,29,0,0
BRDA:301,29,1,0
BRDA:306,30,0,0
BRDA:306,30,1,0
BRDA:310,31,0,0
BRDA:310,31,1,0
BRDA:315,32,0,0
BRDA:315,32,1,0
BRDA:335,33,0,0
BRDA:335,33,1,0
BRDA:335,34,0,0
BRDA:335,34,1,0
BRDA:339,35,0,0
BRDA:339,35,1,0
BRF:73
BRH:0
end_of_record
TN:
SF:src/server/services/simple-user-service.js
FN:3,(anonymous_0)
FN:9,(anonymous_1)
FN:15,(anonymous_2)
FN:38,(anonymous_3)
FN:47,(anonymous_4)
FN:61,(anonymous_5)
FN:71,(anonymous_6)
FN:75,(anonymous_7)
FN:84,(anonymous_8)
FN:88,(anonymous_9)
FN:89,(anonymous_10)
FN:90,(anonymous_11)
FNF:12
FNH:0
FNDA:0,(anonymous_0)
FNDA:0,(anonymous_1)
FNDA:0,(anonymous_2)
FNDA:0,(anonymous_3)
FNDA:0,(anonymous_4)
FNDA:0,(anonymous_5)
FNDA:0,(anonymous_6)
FNDA:0,(anonymous_7)
FNDA:0,(anonymous_8)
FNDA:0,(anonymous_9)
FNDA:0,(anonymous_10)
FNDA:0,(anonymous_11)
DA:4,0
DA:5,0
DA:12,0
DA:16,0
DA:18,0
DA:19,0
DA:22,0
DA:33,0
DA:35,0
DA:39,0
DA:40,0
DA:42,0
DA:44,0
DA:48,0
DA:49,0
DA:50,0
DA:54,0
DA:55,0
DA:57,0
DA:58,0
DA:62,0
DA:63,0
DA:64,0
DA:65,0
DA:68,0
DA:72,0
DA:76,0
DA:77,0
DA:80,0
DA:85,0
DA:86,0
DA:88,0
DA:89,0
DA:90,0
DA:95,0
LF:35
LH:0
BRDA:18,0,0,0
BRDA:18,0,1,0
BRDA:26,1,0,0
BRDA:26,1,1,0
BRDA:40,2,0,0
BRDA:40,2,1,0
BRDA:44,3,0,0
BRDA:44,3,1,0
BRDA:49,4,0,0
BRDA:49,4,1,0
BRDA:61,5,0,0
BRDA:63,6,0,0
BRDA:63,6,1,0
BRDA:77,7,0,0
BRDA:77,7,1,0
BRDA:90,8,0,0
BRDA:90,8,1,0
BRF:17
BRH:0
end_of_record
TN:
SF:src/server/services/user-service.js
FN:4,(anonymous_0)
FN:9,(anonymous_1)
FN:44,(anonymous_2)
FN:73,(anonymous_3)
FN:102,(anonymous_4)
FN:156,(anonymous_5)
FN:183,(anonymous_6)
FN:206,(anonymous_7)
FN:232,(anonymous_8)
FNF:9
FNH:0
FNDA:0,(anonymous_0)
FNDA:0,(anonymous_1)
FNDA:0,(anonymous_2)
FNDA:0,(anonymous_3)
FNDA:0,(anonymous_4)
FNDA:0,(anonymous_5)
FNDA:0,(anonymous_6)
FNDA:0,(anonymous_7)
FNDA:0,(anonymous_8)
DA:5,0
DA:10,0
DA:11,0
DA:13,0
DA:27,0
DA:34,0
DA:37,0
DA:39,0
DA:45,0
DA:46,0
DA:51,0
DA:53,0
DA:60,0
DA:62,0
DA:63,0
DA:66,0
DA:68,0
DA:74,0
DA:75,0
DA:76,0
DA:81,0
DA:82,0
DA:86,0
DA:92,0
DA:95,0
DA:97,0
DA:103,0
DA:104,0
DA:108,0
DA:110,0
DA:111,0
DA:112,0
DA:115,0
DA:116,0
DA:117,0
DA:120,0
DA:121,0
DA:122,0
DA:125,0
DA:126,0
DA:130,0
DA:131,0
DA:133,0
DA:140,0
DA:141,0
DA:144,0
DA:146,0
DA:149,0
DA:151,0
DA:157,0
DA:158,0
DA:159,0
DA:166,0
DA:167,0
DA:170,0
DA:173,0
DA:176,0
DA:178,0
DA:184,0
DA:185,0
DA:186,0
DA:196,0
DA:199,0
DA:201,0
DA:207,0
DA:208,0
DA:209,0
DA:217,0
DA:218,0
DA:222,0
DA:225,0
DA:227,0
DA:233,0
DA:234,0
DA:235,0
DA:236,0
DA:238,0
DA:240,0
DA:245,0
LF:79
LH:0
BRDA:62,0,0,0
BRDA:62,0,1,0
BRDA:81,1,0,0
BRDA:81,1,1,0
BRDA:115,2,0,0
BRDA:115,2,1,0
BRDA:120,3,0,0
BRDA:120,3,1,0
BRDA:125,4,0,0
BRDA:125,4,1,0
BRDA:140,5,0,0
BRDA:140,5,1,0
BRDA:166,6,0,0
BRDA:166,6,1,0
BRDA:206,7,0,0
BRDA:218,8,0,0
BRDA:218,8,1,0
BRF:17
BRH:0
end_of_record
TN:
SF:src/server/services/wikidata-resolver.js
FN:4,getFetch
FN:7,(anonymous_1)
FN:15,fetchJson
FN:22,postSparql
FN:37,searchEntity
FN:46,fetchConstituents
FN:57,(anonymous_6)
FN:62,(anonymous_7)
FN:65,findObjectConstituents
FNF:9
FNH:0
FNDA:0,getFetch
FNDA:0,(anonymous_1)
FNDA:0,fetchJson
FNDA:0,postSparql
FNDA:0,searchEntity
FNDA:0,fetchConstituents
FNDA:0,(anonymous_6)
FNDA:0,(anonymous_7)
FNDA:0,findObjectConstituents
DA:1,0
DA:3,0
DA:5,0
DA:6,0
DA:7,0
DA:8,0
DA:10,0
DA:11,0
DA:12,0
DA:16,0
DA:17,0
DA:18,0
DA:19,0
DA:23,0
DA:24,0
DA:33,0
DA:34,0
DA:38,0
DA:39,0
DA:40,0
DA:41,0
DA:42,0
DA:43,0
DA:47,0
DA:48,0
DA:55,0
DA:56,0
DA:57,0
DA:62,0
DA:66,0
DA:67,0
DA:68,0
DA:69,0
DA:70,0
DA:72,0
DA:76,0
LF:36
LH:0
BRDA:5,0,0,0
BRDA:5,0,1,0
BRDA:6,1,0,0
BRDA:6,1,1,0
BRDA:15,2,0,0
BRDA:18,3,0,0
BRDA:18,3,1,0
BRDA:33,4,0,0
BRDA:33,4,1,0
BRDA:38,5,0,0
BRDA:38,5,1,0
BRDA:38,6,0,0
BRDA:38,6,1,0
BRDA:42,7,0,0
BRDA:42,7,1,0
BRDA:43,8,0,0
BRDA:43,8,1,0
BRDA:47,9,0,0
BRDA:47,9,1,0
BRDA:56,10,0,0
BRDA:56,10,1,0
BRDA:58,11,0,0
BRDA:58,11,1,0
BRDA:59,12,0,0
BRDA:59,12,1,0
BRDA:60,13,0,0
BRDA:60,13,1,0
BRDA:61,14,0,0
BRDA:61,14,1,0
BRDA:68,15,0,0
BRDA:68,15,1,0
BRF:31
BRH:0
end_of_record
TN:
SF:src/server/utils/error-screenshot.js
FN:9,(anonymous_0)
FN:16,(anonymous_1)
FN:44,(anonymous_2)
FN:105,(anonymous_3)
FN:109,(anonymous_4)
FN:132,captureErrorScreenshot
FNF:6
FNH:0
FNDA:0,(anonymous_0)
FNDA:0,(anonymous_1)
FNDA:0,(anonymous_2)
FNDA:0,(anonymous_3)
FNDA:0,(anonymous_4)
FNDA:0,captureErrorScreenshot
DA:1,0
DA:2,0
DA:11,0
DA:12,0
DA:13,0
DA:18,0
DA:21,0
DA:22,0
DA:23,0
DA:25,0
DA:29,0
DA:30,0
DA:31,0
DA:32,0
DA:37,0
DA:45,0
DA:47,0
DA:49,0
DA:52,0
DA:55,0
DA:61,0
DA:64,0
DA:70,0
DA:71,0
DA:72,0
DA:73,0
DA:76,0
DA:81,0
DA:83,0
DA:86,0
DA:88,0
DA:97,0
DA:98,0
DA:106,0
DA:107,0
DA:108,0
DA:109,0
DA:113,0
DA:115,0
DA:116,0
DA:117,0
DA:126,0
DA:133,0
DA:136,0
LF:44
LH:0
BRDA:22,0,0,0
BRDA:22,0,1,0
BRDA:29,1,0,0
BRDA:29,1,1,0
BRDA:31,2,0,0
BRDA:31,2,1,0
BRDA:44,3,0,0
BRDA:45,4,0,0
BRDA:45,4,1,0
BRDA:71,5,0,0
BRDA:71,5,1,0
BRDA:105,6,0,0
BRDA:109,7,0,0
BRDA:109,7,1,0
BRDA:113,8,0,0
BRDA:113,8,1,0
BRDA:132,9,0,0
BRF:17
BRH:0
end_of_record
